Change Component Designator: Old Designator=CAN? New Designator=CAN1
Change Component Designator: Old Designator=E-C? New Designator=E-C1
Change Component Designator: Old Designator=E-E? New Designator=E-E1
Change Component Designator: Old Designator=J? New Designator=J1
Change Component Designator: Old Designator=LS-C? New Designator=LS-C1
Change Component Designator: Old Designator=LS-E-B? New Designator=LS-E-B1
Change Component Designator: Old Designator=LS-ET? New Designator=LS-ET1
Change Component Designator: Old Designator=M-A? New Designator=M-A1
Change Component Designator: Old Designator=M-C? New Designator=M-C1
Change Component Designator: Old Designator=M-E? New Designator=M-E1
Change Component Designator: Old Designator=M-S? New Designator=M-S1
Change Component Designator: Old Designator=MOIST? New Designator=MOIST1
Change Component Designator: Old Designator=P? New Designator=P1
Change Component Designator: Old Designator=R? New Designator=R3
Change Component Designator: Old Designator=R? New Designator=R4
Change Component Designator: Old Designator=R? New Designator=R5
Change Component Designator: Old Designator=R? New Designator=R6
Change Component Designator: Old Designator=R? New Designator=R7
Change Component Designator: Old Designator=RGB? New Designator=RGB1
Change Component Designator: Old Designator=TEMP? New Designator=TEMP1
Change Component Designator: Old Designator=ULTRA? New Designator=ULTRA1
