Change Component Designator: Old Designator=CAN New Designator=CAN?
Change Component Designator: Old Designator=E-C New Designator=E-C?
Change Component Designator: Old Designator=E-E New Designator=E-E?
Change Component Designator: Old Designator=J1 New Designator=J?
Change Component Designator: Old Designator=LS-C New Designator=LS-C?
Change Component Designator: Old Designator=LS-E-B New Designator=LS-E-B?
Change Component Designator: Old Designator=LS-ET New Designator=LS-ET?
Change Component Designator: Old Designator=M-A New Designator=M-A?
Change Component Designator: Old Designator=M-C New Designator=M-C?
Change Component Designator: Old Designator=M-E New Designator=M-E?
Change Component Designator: Old Designator=M-P New Designator=M-P?
Change Component Designator: Old Designator=MOIST New Designator=MOIST?
Change Component Designator: Old Designator=P1 New Designator=P?
Change Component Designator: Old Designator=R3 New Designator=R?
Change Component Designator: Old Designator=R4 New Designator=R?
Change Component Designator: Old Designator=R5 New Designator=R?
Change Component Designator: Old Designator=R6 New Designator=R?
Change Component Designator: Old Designator=R7 New Designator=R?
Change Component Designator: Old Designator=RGB New Designator=RGB?
Change Component Designator: Old Designator=ULTRA New Designator=ULTRA?
