Replace Part C? CAP_0.1uF_50V_0603 in C:\Users\Adrianna\Documents\MarsRover2019-PCB\Projects\Science board\new_science_board\sch\ph.SchDoc with CAP_0.1uF_50V_0603 from UWRT_Schematic_Library_2019.SchLib
Replace Part C? CAP_0.1uF_50V_0603 in C:\Users\Adrianna\Documents\MarsRover2019-PCB\Projects\Science board\new_science_board\sch\ph.SchDoc with CAP_0.1uF_50V_0603 from UWRT_Schematic_Library_2019.SchLib
Replace Part C? CAP_1uF_16V_0603 in C:\Users\Adrianna\Documents\MarsRover2019-PCB\Projects\Science board\new_science_board\sch\ph.SchDoc with CAP_1uF_16V_0603 from UWRT_Schematic_Library_2019.SchLib
Replace Part C? CAP_1uF_16V_0603 in C:\Users\Adrianna\Documents\MarsRover2019-PCB\Projects\Science board\new_science_board\sch\ph.SchDoc with CAP_1uF_16V_0603 from UWRT_Schematic_Library_2019.SchLib
Replace Part C? CAP_1uF_16V_0603 in C:\Users\Adrianna\Documents\MarsRover2019-PCB\Projects\Science board\new_science_board\sch\ph.SchDoc with CAP_1uF_16V_0603 from UWRT_Schematic_Library_2019.SchLib
Replace Part C? CAP_1uF_16V_0603 in C:\Users\Adrianna\Documents\MarsRover2019-PCB\Projects\Science board\new_science_board\sch\ph.SchDoc with CAP_1uF_16V_0603 from UWRT_Schematic_Library_2019.SchLib
Replace Part C? CAP_0.1uF_50V_0603 in C:\Users\Adrianna\Documents\MarsRover2019-PCB\Projects\Science board\new_science_board\sch\ph.SchDoc with CAP_0.1uF_50V_0603 from UWRT_Schematic_Library_2019.SchLib
Replace Part C? CAP_0.1uF_50V_0603 in C:\Users\Adrianna\Documents\MarsRover2019-PCB\Projects\Science board\new_science_board\sch\ph.SchDoc with CAP_0.1uF_50V_0603 from UWRT_Schematic_Library_2019.SchLib
Replace Part C? CAP_2.2nF_0603 in C:\Users\Adrianna\Documents\MarsRover2019-PCB\Projects\Science board\new_science_board\sch\ph.SchDoc with CAP_2.2nF_0603 from UWRT_Schematic_Library_2019.SchLib
Replace Part J? CON_BNC in C:\Users\Adrianna\Documents\MarsRover2019-PCB\Projects\Science board\new_science_board\sch\ph.SchDoc with CON_BNC from UWRT_Schematic_Library_2019.SchLib
Replace Part R? RES_1K_0603 in C:\Users\Adrianna\Documents\MarsRover2019-PCB\Projects\Science board\new_science_board\sch\ph.SchDoc with RES_1K_0603 from UWRT_Schematic_Library_2019.SchLib
Replace Part R? POT_5K in C:\Users\Adrianna\Documents\MarsRover2019-PCB\Projects\Science board\new_science_board\sch\ph.SchDoc with POT_5K from UWRT_Schematic_Library_2019.SchLib
Replace Part R? RES_30K_0603 in C:\Users\Adrianna\Documents\MarsRover2019-PCB\Projects\Science board\new_science_board\sch\ph.SchDoc with RES_30K_0603 from UWRT_Schematic_Library_2019.SchLib
Replace Part R? RES_75K_0603 in C:\Users\Adrianna\Documents\MarsRover2019-PCB\Projects\Science board\new_science_board\sch\ph.SchDoc with RES_75K_0603 from UWRT_Schematic_Library_2019.SchLib
Replace Part R? RES_30K_0603 in C:\Users\Adrianna\Documents\MarsRover2019-PCB\Projects\Science board\new_science_board\sch\ph.SchDoc with RES_30K_0603 from UWRT_Schematic_Library_2019.SchLib
Replace Part R? RES_2K2_0603 in C:\Users\Adrianna\Documents\MarsRover2019-PCB\Projects\Science board\new_science_board\sch\ph.SchDoc with RES_2K2_0603 from UWRT_Schematic_Library_2019.SchLib
Replace Part R? RES_4M7_0603 in C:\Users\Adrianna\Documents\MarsRover2019-PCB\Projects\Science board\new_science_board\sch\ph.SchDoc with RES_4M7_0603 from UWRT_Schematic_Library_2019.SchLib
Replace Part U? TL081BCDG4 in C:\Users\Adrianna\Documents\MarsRover2019-PCB\Projects\Science board\new_science_board\sch\ph.SchDoc with TL081BCDG4 from UWRT_Schematic_Library_2019.SchLib
Replace Part U? CA3140AMZ in C:\Users\Adrianna\Documents\MarsRover2019-PCB\Projects\Science board\new_science_board\sch\ph.SchDoc with CA3140AMZ from UWRT_Schematic_Library_2019.SchLib
Replace Part U? LM2776 in C:\Users\Adrianna\Documents\MarsRover2019-PCB\Projects\Science board\new_science_board\sch\ph.SchDoc with LM2776 from UWRT_Schematic_Library_2019.SchLib
