Replace Part C13 CAP_0.1uF_50V_0603 in C:\Users\Adrianna\Documents\MarsRover2019-PCB\Projects\Science board\new_science_board\sch\ph.SchDoc with CAP_0.1uF_50V_0603 from UWRT_Schematic_Library_2019.SchLib
Replace Part C15 CAP_0.1uF_50V_0603 in C:\Users\Adrianna\Documents\MarsRover2019-PCB\Projects\Science board\new_science_board\sch\ph.SchDoc with CAP_0.1uF_50V_0603 from UWRT_Schematic_Library_2019.SchLib
Replace Part C17 CAP_2.2nF_0603 in C:\Users\Adrianna\Documents\MarsRover2019-PCB\Projects\Science board\new_science_board\sch\ph.SchDoc with CAP_2.2nF_0603 from UWRT_Schematic_Library_2019.SchLib
Replace Part C18 CAP_0.1uF_50V_0603 in C:\Users\Adrianna\Documents\MarsRover2019-PCB\Projects\Science board\new_science_board\sch\ph.SchDoc with CAP_0.1uF_50V_0603 from UWRT_Schematic_Library_2019.SchLib
Replace Part C20 CAP_1uF_16V_0603 in C:\Users\Adrianna\Documents\MarsRover2019-PCB\Projects\Science board\new_science_board\sch\ph.SchDoc with CAP_1uF_16V_0603 from UWRT_Schematic_Library_2019.SchLib
Replace Part C22 CAP_0.1uF_50V_0603 in C:\Users\Adrianna\Documents\MarsRover2019-PCB\Projects\Science board\new_science_board\sch\ph.SchDoc with CAP_0.1uF_50V_0603 from UWRT_Schematic_Library_2019.SchLib
Replace Part C23 CAP_1uF_16V_0603 in C:\Users\Adrianna\Documents\MarsRover2019-PCB\Projects\Science board\new_science_board\sch\ph.SchDoc with CAP_1uF_16V_0603 from UWRT_Schematic_Library_2019.SchLib
Replace Part C24 CAP_1uF_16V_0603 in C:\Users\Adrianna\Documents\MarsRover2019-PCB\Projects\Science board\new_science_board\sch\ph.SchDoc with CAP_1uF_16V_0603 from UWRT_Schematic_Library_2019.SchLib
Replace Part C25 CAP_1uF_16V_0603 in C:\Users\Adrianna\Documents\MarsRover2019-PCB\Projects\Science board\new_science_board\sch\ph.SchDoc with CAP_1uF_16V_0603 from UWRT_Schematic_Library_2019.SchLib
Replace Part J1 CON_BNC in C:\Users\Adrianna\Documents\MarsRover2019-PCB\Projects\Science board\new_science_board\sch\ph.SchDoc with CON_BNC from UWRT_Schematic_Library_2019.SchLib
Replace Part R9 RES_4M7_0603 in C:\Users\Adrianna\Documents\MarsRover2019-PCB\Projects\Science board\new_science_board\sch\ph.SchDoc with RES_4M7_0603 from UWRT_Schematic_Library_2019.SchLib
Replace Part R10 RES_30K_0603 in C:\Users\Adrianna\Documents\MarsRover2019-PCB\Projects\Science board\new_science_board\sch\ph.SchDoc with RES_30K_0603 from UWRT_Schematic_Library_2019.SchLib
Replace Part R11 RES_30K_0603 in C:\Users\Adrianna\Documents\MarsRover2019-PCB\Projects\Science board\new_science_board\sch\ph.SchDoc with RES_30K_0603 from UWRT_Schematic_Library_2019.SchLib
Replace Part R12 RES_75K_0603 in C:\Users\Adrianna\Documents\MarsRover2019-PCB\Projects\Science board\new_science_board\sch\ph.SchDoc with RES_75K_0603 from UWRT_Schematic_Library_2019.SchLib
Replace Part R13 RES_2K2_0603 in C:\Users\Adrianna\Documents\MarsRover2019-PCB\Projects\Science board\new_science_board\sch\ph.SchDoc with RES_2K2_0603 from UWRT_Schematic_Library_2019.SchLib
Replace Part R14 POT_5K in C:\Users\Adrianna\Documents\MarsRover2019-PCB\Projects\Science board\new_science_board\sch\ph.SchDoc with POT_5K from UWRT_Schematic_Library_2019.SchLib
Replace Part R15 RES_1K_0603 in C:\Users\Adrianna\Documents\MarsRover2019-PCB\Projects\Science board\new_science_board\sch\ph.SchDoc with RES_1K_0603 from UWRT_Schematic_Library_2019.SchLib
Replace Part U3 CA3140AMZ in C:\Users\Adrianna\Documents\MarsRover2019-PCB\Projects\Science board\new_science_board\sch\ph.SchDoc with CA3140AMZ from UWRT_Schematic_Library_2019.SchLib
Replace Part U4 TL081BCDG4 in C:\Users\Adrianna\Documents\MarsRover2019-PCB\Projects\Science board\new_science_board\sch\ph.SchDoc with TL081BCDG4 from UWRT_Schematic_Library_2019.SchLib
Replace Part U5 LM2776 in C:\Users\Adrianna\Documents\MarsRover2019-PCB\Projects\Science board\new_science_board\sch\ph.SchDoc with LM2776 from UWRT_Schematic_Library_2019.SchLib
