Change Component Footprint: Designator=D2 Old Footprint=LED_0805_LINE New Footprint=LED_0805
Change Component Designator: OldDesignator=E-C NewDesignator=E-C1
Change Component Designator: OldDesignator=E-E NewDesignator=E-E1
Change Component Designator: OldDesignator=LS-C NewDesignator=LS-C1
Change Component Designator: OldDesignator=LS-EB NewDesignator=LS-E-B1
Change Component Designator: OldDesignator=LS-ET NewDesignator=LS-ET1
Change Component Designator: OldDesignator=M-A NewDesignator=M-A1
Change Component Designator: OldDesignator=M-C NewDesignator=M-C1
Change Component Designator: OldDesignator=M-E NewDesignator=M-E1
Change Component Designator: OldDesignator=M-S NewDesignator=M-S1
Change Component Designator: OldDesignator=MOIST NewDesignator=MOIST1
Change Component Designator: OldDesignator=R26 NewDesignator=R27
Change Component Designator: OldDesignator=R27 NewDesignator=R28
Change Component Designator: OldDesignator=R28 NewDesignator=R29
Change Component Designator: OldDesignator=R29 NewDesignator=R31
Change Component Designator: OldDesignator=R31 NewDesignator=R32
Change Component Designator: OldDesignator=RGB NewDesignator=RGB1
Change Component Designator: OldDesignator=TEMP NewDesignator=TEMP1
Change Component Designator: OldDesignator=TP7 NewDesignator=TP8
Change Component Designator: OldDesignator=TP8 NewDesignator=TP7
Change Component Designator: OldDesignator=ULTRA NewDesignator=ULTRA1
Added Component: Designator=R26(RESC0603(1608)_N)
Add component. Clean all parameters for all variants
Add component (AddParameter): Name = "Dimensions"; Value = "0.063" L x 0.031" W (1.60mm x 0.80mm)"; VariantName = "[No Variations]"
Add component (AddParameter): Name = "Manufacturer"; Value = "Yageo"; VariantName = "[No Variations]"
Add component (AddParameter): Name = "Package"; Value = "0603 (1608 Metric)"; VariantName = "[No Variations]"
Add component (AddParameter): Name = "Part Number (MPN)"; Value = "RC0603JR-070RL"; VariantName = "[No Variations]"
Add component (AddParameter): Name = "Value"; Value = "0R"; VariantName = "[No Variations]"
Added Pin To Net: NetName=GND Pin=R26-1
Added Pin To Net: NetName=GND Pin=R26-2
Change Net Name : Old Net Name=NetE-C_1 New Net Name=NetE-C1_1
Change Net Name : Old Net Name=NetE-C_2 New Net Name=NetE-C1_2
Change Net Name : Old Net Name=NetE-C_3 New Net Name=NetE-C1_3
Change Net Name : Old Net Name=NetE-E_1 New Net Name=NetE-E1_1
Change Net Name : Old Net Name=NetE-E_2 New Net Name=NetE-E1_2
Change Net Name : Old Net Name=NetE-E_3 New Net Name=NetE-E1_3
Change Net Name : Old Net Name=NetLS-C_1 New Net Name=NetLS-C1_1
Change Net Name : Old Net Name=NetLS-EB_1 New Net Name=NetLS-E-B1_1
Change Net Name : Old Net Name=NetLS-ET_1 New Net Name=NetLS-ET1_1
Change Net Name : Old Net Name=NetM-A_1 New Net Name=NetM-A1_1
Change Net Name : Old Net Name=NetM-A_2 New Net Name=NetM-A1_2
Change Net Name : Old Net Name=NetM-C_1 New Net Name=NetM-C1_1
Change Net Name : Old Net Name=NetM-C_2 New Net Name=NetM-C1_2
Change Net Name : Old Net Name=NetM-E_1 New Net Name=NetM-E1_1
Change Net Name : Old Net Name=NetM-E_2 New Net Name=NetM-E1_2
Change Net Name : Old Net Name=NetM-S_3 New Net Name=NetM-S1_3
Change Net Name : Old Net Name=NetMOIST_1 New Net Name=NetMOIST1_1
Change Net Name : Old Net Name=NetMOIST_2 New Net Name=NetMOIST1_2
Change Net Name : Old Net Name=NetR26_1 New Net Name=NetR27_1
Change Net Name : Old Net Name=NetR27_1 New Net Name=NetR28_1
Change Net Name : Old Net Name=NetR28_1 New Net Name=NetR29_1
Change Net Name : Old Net Name=NetR29_1 New Net Name=NetR31_1
Change Net Name : Old Net Name=NetR31_2 New Net Name=NetR32_2
Added Member To Class: ClassName=mcu Member=Component C2 CAP_15pF_0603
Added Member To Class: ClassName=support Member=Component R32 RES_10K_0603
