Change Component Footprint: Designator=D3 Old Footprint=LED_0805_LINE New Footprint=LED_0805
Change Component Footprint: Designator=D4 Old Footprint=LED_0805_LINE New Footprint=LED_0805
Change Component Footprint: Designator=D5 Old Footprint=LED_0805_LINE New Footprint=LED_0805
Change Component Footprint: Designator=D6 Old Footprint=LED_0805_LINE New Footprint=LED_0805
Change Component Designator: OldDesignator=E-E NewDesignator=E-E1
Change Component Designator: OldDesignator=M-A NewDesignator=M-A1
Change Component Designator: OldDesignator=M-C NewDesignator=M-C1
Change Component Designator: OldDesignator=M-E NewDesignator=M-E1
Change Component Designator: OldDesignator=M-P NewDesignator=M-P1
Change Component Designator: OldDesignator=TP19 NewDesignator=PH
Change Net Name : Old Net Name=CAN_H New Net Name=CAN_P
Change Net Name : Old Net Name=CAN_L New Net Name=CAN_N
Change Net Name : Old Net Name=NetE-E_1 New Net Name=NetE-E1_1
Change Net Name : Old Net Name=NetE-E_2 New Net Name=NetE-E1_2
Change Net Name : Old Net Name=NetE-E_3 New Net Name=NetE-E1_3
Change Net Name : Old Net Name=NetM-A_1 New Net Name=NetM-A1_1
Change Net Name : Old Net Name=NetM-A_2 New Net Name=NetM-A1_2
Change Net Name : Old Net Name=NetM-C_1 New Net Name=NetM-C1_1
Change Net Name : Old Net Name=NetM-C_2 New Net Name=NetM-C1_2
Change Net Name : Old Net Name=NetM-E_1 New Net Name=NetM-E1_1
Change Net Name : Old Net Name=NetM-E_2 New Net Name=NetM-E1_2
Change Net Name : Old Net Name=NetM-P_1 New Net Name=NetM-P1_1
Change Net Name : Old Net Name=NetR10_2 New Net Name=NetPH_1
Added Differential Pair: Name=CAN
Added Member To Class: ClassName=support Member=Component R23 RES_10K_0603
