Replace Part D3 DIO_LED_Y in C:\Users\Adrianna\Documents\MarsRover2019-PCB\Projects\Science board\new_science_board\sch\support.SchDoc with DIO_LED_Y from UWRT_Schematic_Library_2019.SchLib
Replace Part D4 DIO_LED_G in C:\Users\Adrianna\Documents\MarsRover2019-PCB\Projects\Science board\new_science_board\sch\support.SchDoc with DIO_LED_G from UWRT_Schematic_Library_2019.SchLib
Replace Part D5 DIO_LED_G in C:\Users\Adrianna\Documents\MarsRover2019-PCB\Projects\Science board\new_science_board\sch\support.SchDoc with DIO_LED_G from UWRT_Schematic_Library_2019.SchLib
Replace Part D6 DIO_LED_G in C:\Users\Adrianna\Documents\MarsRover2019-PCB\Projects\Science board\new_science_board\sch\support.SchDoc with DIO_LED_G from UWRT_Schematic_Library_2019.SchLib
Replace Part MH1 MOUNTING_HOLES in C:\Users\Adrianna\Documents\MarsRover2019-PCB\Projects\Science board\new_science_board\sch\support.SchDoc with MOUNTING_HOLES from UWRT_Schematic_Library_2019.SchLib
Replace Part MH2 MOUNTING_HOLES in C:\Users\Adrianna\Documents\MarsRover2019-PCB\Projects\Science board\new_science_board\sch\support.SchDoc with MOUNTING_HOLES from UWRT_Schematic_Library_2019.SchLib
Replace Part MH3 MOUNTING_HOLES in C:\Users\Adrianna\Documents\MarsRover2019-PCB\Projects\Science board\new_science_board\sch\support.SchDoc with MOUNTING_HOLES from UWRT_Schematic_Library_2019.SchLib
Replace Part MH4 MOUNTING_HOLES in C:\Users\Adrianna\Documents\MarsRover2019-PCB\Projects\Science board\new_science_board\sch\support.SchDoc with MOUNTING_HOLES from UWRT_Schematic_Library_2019.SchLib
Replace Part R17 RES_4K7_0603 in C:\Users\Adrianna\Documents\MarsRover2019-PCB\Projects\Science board\new_science_board\sch\support.SchDoc with RES_4K7_0603 from UWRT_Schematic_Library_2019.SchLib
Replace Part R18 RES_4K7_0603 in C:\Users\Adrianna\Documents\MarsRover2019-PCB\Projects\Science board\new_science_board\sch\support.SchDoc with RES_4K7_0603 from UWRT_Schematic_Library_2019.SchLib
Replace Part R19 RES_10K_0603 in C:\Users\Adrianna\Documents\MarsRover2019-PCB\Projects\Science board\new_science_board\sch\support.SchDoc with RES_10K_0603 from UWRT_Schematic_Library_2019.SchLib
Replace Part R20 RES_10K_0603 in C:\Users\Adrianna\Documents\MarsRover2019-PCB\Projects\Science board\new_science_board\sch\support.SchDoc with RES_10K_0603 from UWRT_Schematic_Library_2019.SchLib
Replace Part R21 RES_10K_0603 in C:\Users\Adrianna\Documents\MarsRover2019-PCB\Projects\Science board\new_science_board\sch\support.SchDoc with RES_10K_0603 from UWRT_Schematic_Library_2019.SchLib
Replace Part R22 RES_10K_0603 in C:\Users\Adrianna\Documents\MarsRover2019-PCB\Projects\Science board\new_science_board\sch\support.SchDoc with RES_10K_0603 from UWRT_Schematic_Library_2019.SchLib
Replace Part R23 RES_10K_0603 in C:\Users\Adrianna\Documents\MarsRover2019-PCB\Projects\Science board\new_science_board\sch\support.SchDoc with RES_10K_0603 from UWRT_Schematic_Library_2019.SchLib
Replace Part R24 RES_10K_0603 in C:\Users\Adrianna\Documents\MarsRover2019-PCB\Projects\Science board\new_science_board\sch\support.SchDoc with RES_10K_0603 from UWRT_Schematic_Library_2019.SchLib
Replace Part R25 RES_10K_0603 in C:\Users\Adrianna\Documents\MarsRover2019-PCB\Projects\Science board\new_science_board\sch\support.SchDoc with RES_10K_0603 from UWRT_Schematic_Library_2019.SchLib
Replace Part R26 RES_10K_0603 in C:\Users\Adrianna\Documents\MarsRover2019-PCB\Projects\Science board\new_science_board\sch\support.SchDoc with RES_10K_0603 from UWRT_Schematic_Library_2019.SchLib
Replace Part R27 RES_150K_0603 in C:\Users\Adrianna\Documents\MarsRover2019-PCB\Projects\Science board\new_science_board\sch\support.SchDoc with RES_150K_0603 from UWRT_Schematic_Library_2019.SchLib
Replace Part R28 RES_150K_0603 in C:\Users\Adrianna\Documents\MarsRover2019-PCB\Projects\Science board\new_science_board\sch\support.SchDoc with RES_150K_0603 from UWRT_Schematic_Library_2019.SchLib
Replace Part R29 RES_10K_0603 in C:\Users\Adrianna\Documents\MarsRover2019-PCB\Projects\Science board\new_science_board\sch\support.SchDoc with RES_10K_0603 from UWRT_Schematic_Library_2019.SchLib
Replace Part R30 RES_150K_0603 in C:\Users\Adrianna\Documents\MarsRover2019-PCB\Projects\Science board\new_science_board\sch\support.SchDoc with RES_150K_0603 from UWRT_Schematic_Library_2019.SchLib
Replace Part R31 RES_10K_0603 in C:\Users\Adrianna\Documents\MarsRover2019-PCB\Projects\Science board\new_science_board\sch\support.SchDoc with RES_10K_0603 from UWRT_Schematic_Library_2019.SchLib
Replace Part R32 RES_0R_0603 in C:\Users\Adrianna\Documents\MarsRover2019-PCB\Projects\Science board\new_science_board\sch\support.SchDoc with RES_0R_0603 from UWRT_Schematic_Library_2019.SchLib
Replace Part R33 RES_150K_0603 in C:\Users\Adrianna\Documents\MarsRover2019-PCB\Projects\Science board\new_science_board\sch\support.SchDoc with RES_150K_0603 from UWRT_Schematic_Library_2019.SchLib
Replace Part S2 SW_TACTILE in C:\Users\Adrianna\Documents\MarsRover2019-PCB\Projects\Science board\new_science_board\sch\support.SchDoc with SW_TACTILE from UWRT_Schematic_Library_2019.SchLib
Replace Part S3 SW_TACTILE in C:\Users\Adrianna\Documents\MarsRover2019-PCB\Projects\Science board\new_science_board\sch\support.SchDoc with SW_TACTILE from UWRT_Schematic_Library_2019.SchLib
