Replace Part D? DIO_LED_Y in C:\Users\Adrianna\Documents\MarsRover2019-PCB\Projects\Science board\new_science_board\sch\support.SchDoc with DIO_LED_Y from UWRT_Schematic_Library_2019.SchLib
Replace Part D? DIO_LED_G in C:\Users\Adrianna\Documents\MarsRover2019-PCB\Projects\Science board\new_science_board\sch\support.SchDoc with DIO_LED_G from UWRT_Schematic_Library_2019.SchLib
Replace Part D? DIO_LED_G in C:\Users\Adrianna\Documents\MarsRover2019-PCB\Projects\Science board\new_science_board\sch\support.SchDoc with DIO_LED_G from UWRT_Schematic_Library_2019.SchLib
Replace Part D? DIO_LED_G in C:\Users\Adrianna\Documents\MarsRover2019-PCB\Projects\Science board\new_science_board\sch\support.SchDoc with DIO_LED_G from UWRT_Schematic_Library_2019.SchLib
Replace Part R? RES_10K_0603 in C:\Users\Adrianna\Documents\MarsRover2019-PCB\Projects\Science board\new_science_board\sch\support.SchDoc with RES_10K_0603 from UWRT_Schematic_Library_2019.SchLib
Replace Part R? RES_10K_0603 in C:\Users\Adrianna\Documents\MarsRover2019-PCB\Projects\Science board\new_science_board\sch\support.SchDoc with RES_10K_0603 from UWRT_Schematic_Library_2019.SchLib
Replace Part R? RES_100R_0603 in C:\Users\Adrianna\Documents\MarsRover2019-PCB\Projects\Science board\new_science_board\sch\support.SchDoc with RES_100R_0603 from UWRT_Schematic_Library_2019.SchLib
Replace Part R? RES_100R_0603 in C:\Users\Adrianna\Documents\MarsRover2019-PCB\Projects\Science board\new_science_board\sch\support.SchDoc with RES_100R_0603 from UWRT_Schematic_Library_2019.SchLib
Replace Part R? RES_100R_0603 in C:\Users\Adrianna\Documents\MarsRover2019-PCB\Projects\Science board\new_science_board\sch\support.SchDoc with RES_100R_0603 from UWRT_Schematic_Library_2019.SchLib
Replace Part R? RES_100R_0603 in C:\Users\Adrianna\Documents\MarsRover2019-PCB\Projects\Science board\new_science_board\sch\support.SchDoc with RES_100R_0603 from UWRT_Schematic_Library_2019.SchLib
Replace Part R? RES_10K_0603 in C:\Users\Adrianna\Documents\MarsRover2019-PCB\Projects\Science board\new_science_board\sch\support.SchDoc with RES_10K_0603 from UWRT_Schematic_Library_2019.SchLib
Replace Part R? RES_10K_0603 in C:\Users\Adrianna\Documents\MarsRover2019-PCB\Projects\Science board\new_science_board\sch\support.SchDoc with RES_10K_0603 from UWRT_Schematic_Library_2019.SchLib
Replace Part R? RES_10K_0603 in C:\Users\Adrianna\Documents\MarsRover2019-PCB\Projects\Science board\new_science_board\sch\support.SchDoc with RES_10K_0603 from UWRT_Schematic_Library_2019.SchLib
Replace Part R? RES_10K_0603 in C:\Users\Adrianna\Documents\MarsRover2019-PCB\Projects\Science board\new_science_board\sch\support.SchDoc with RES_10K_0603 from UWRT_Schematic_Library_2019.SchLib
Replace Part R? RES_10K_0603 in C:\Users\Adrianna\Documents\MarsRover2019-PCB\Projects\Science board\new_science_board\sch\support.SchDoc with RES_10K_0603 from UWRT_Schematic_Library_2019.SchLib
Replace Part R? RES_10K_0603 in C:\Users\Adrianna\Documents\MarsRover2019-PCB\Projects\Science board\new_science_board\sch\support.SchDoc with RES_10K_0603 from UWRT_Schematic_Library_2019.SchLib
Replace Part R? RES_4K7_0603 in C:\Users\Adrianna\Documents\MarsRover2019-PCB\Projects\Science board\new_science_board\sch\support.SchDoc with RES_4K7_0603 from UWRT_Schematic_Library_2019.SchLib
Replace Part R? RES_4K7_0603 in C:\Users\Adrianna\Documents\MarsRover2019-PCB\Projects\Science board\new_science_board\sch\support.SchDoc with RES_4K7_0603 from UWRT_Schematic_Library_2019.SchLib
Replace Part S? SW_TACTILE in C:\Users\Adrianna\Documents\MarsRover2019-PCB\Projects\Science board\new_science_board\sch\support.SchDoc with SW_TACTILE from UWRT_Schematic_Library_2019.SchLib
Replace Part S? SW_TACTILE in C:\Users\Adrianna\Documents\MarsRover2019-PCB\Projects\Science board\new_science_board\sch\support.SchDoc with SW_TACTILE from UWRT_Schematic_Library_2019.SchLib
Replace Part TP? TESTPOINT_LOOP in C:\Users\Adrianna\Documents\MarsRover2019-PCB\Projects\Science board\new_science_board\sch\support.SchDoc with TESTPOINT_LOOP from UWRT_Schematic_Library_2019.SchLib
Replace Part TP? TESTPOINT_LOOP in C:\Users\Adrianna\Documents\MarsRover2019-PCB\Projects\Science board\new_science_board\sch\support.SchDoc with TESTPOINT_LOOP from UWRT_Schematic_Library_2019.SchLib
Replace Part TP? TESTPOINT_LOOP in C:\Users\Adrianna\Documents\MarsRover2019-PCB\Projects\Science board\new_science_board\sch\support.SchDoc with TESTPOINT_LOOP from UWRT_Schematic_Library_2019.SchLib
Replace Part TP? TESTPOINT_LOOP in C:\Users\Adrianna\Documents\MarsRover2019-PCB\Projects\Science board\new_science_board\sch\support.SchDoc with TESTPOINT_LOOP from UWRT_Schematic_Library_2019.SchLib
Replace Part TP? TESTPOINT_LOOP in C:\Users\Adrianna\Documents\MarsRover2019-PCB\Projects\Science board\new_science_board\sch\support.SchDoc with TESTPOINT_LOOP from UWRT_Schematic_Library_2019.SchLib
Replace Part TP? TESTPOINT_LOOP in C:\Users\Adrianna\Documents\MarsRover2019-PCB\Projects\Science board\new_science_board\sch\support.SchDoc with TESTPOINT_LOOP from UWRT_Schematic_Library_2019.SchLib
Replace Part TP? TESTPOINT_LOOP in C:\Users\Adrianna\Documents\MarsRover2019-PCB\Projects\Science board\new_science_board\sch\support.SchDoc with TESTPOINT_LOOP from UWRT_Schematic_Library_2019.SchLib
Replace Part TP? TESTPOINT_LOOP in C:\Users\Adrianna\Documents\MarsRover2019-PCB\Projects\Science board\new_science_board\sch\support.SchDoc with TESTPOINT_LOOP from UWRT_Schematic_Library_2019.SchLib
Replace Part TP? TESTPOINT_LOOP in C:\Users\Adrianna\Documents\MarsRover2019-PCB\Projects\Science board\new_science_board\sch\support.SchDoc with TESTPOINT_LOOP from UWRT_Schematic_Library_2019.SchLib
Replace Part TP? TESTPOINT_LOOP in C:\Users\Adrianna\Documents\MarsRover2019-PCB\Projects\Science board\new_science_board\sch\support.SchDoc with TESTPOINT_LOOP from UWRT_Schematic_Library_2019.SchLib
Replace Part TP? TESTPOINT_LOOP in C:\Users\Adrianna\Documents\MarsRover2019-PCB\Projects\Science board\new_science_board\sch\support.SchDoc with TESTPOINT_LOOP from UWRT_Schematic_Library_2019.SchLib
