Replace Part CAN CON_3M_PH_TOP_SMT in C:\Users\Adrianna\Documents\MarsRover2019-PCB\Projects\Science board\new_science_board\sch\connectors.SchDoc with CON_3M_PH_TOP_SMT from UWRT_Schematic_Library_2019.SchLib
Replace Part E-C CON_5M_PH_TOP_SMT in C:\Users\Adrianna\Documents\MarsRover2019-PCB\Projects\Science board\new_science_board\sch\connectors.SchDoc with CON_5M_PH_TOP_SMT from UWRT_Schematic_Library_2019.SchLib
Replace Part E-E? CON_5M_PH_TOP_SMT in C:\Users\Adrianna\Documents\MarsRover2019-PCB\Projects\Science board\new_science_board\sch\connectors.SchDoc with CON_5M_PH_TOP_SMT from UWRT_Schematic_Library_2019.SchLib
Replace Part J? CON_2M_PH_TOP_TH in C:\Users\Adrianna\Documents\MarsRover2019-PCB\Projects\Science board\new_science_board\sch\connectors.SchDoc with CON_2M_PH_TOP_TH from UWRT_Schematic_Library_2019.SchLib
Replace Part LS-C CON_2M_PH_TOP_SMT in C:\Users\Adrianna\Documents\MarsRover2019-PCB\Projects\Science board\new_science_board\sch\connectors.SchDoc with CON_2M_PH_TOP_SMT from UWRT_Schematic_Library_2019.SchLib
Replace Part LS-E-B CON_2M_PH_TOP_SMT in C:\Users\Adrianna\Documents\MarsRover2019-PCB\Projects\Science board\new_science_board\sch\connectors.SchDoc with CON_2M_PH_TOP_SMT from UWRT_Schematic_Library_2019.SchLib
Replace Part LS-ET CON_2M_PH_TOP_SMT in C:\Users\Adrianna\Documents\MarsRover2019-PCB\Projects\Science board\new_science_board\sch\connectors.SchDoc with CON_2M_PH_TOP_SMT from UWRT_Schematic_Library_2019.SchLib
Replace Part M-A? CON_3M_PH_TOP_SMT in C:\Users\Adrianna\Documents\MarsRover2019-PCB\Projects\Science board\new_science_board\sch\connectors.SchDoc with CON_3M_PH_TOP_SMT from UWRT_Schematic_Library_2019.SchLib
Replace Part M-C? CON_3M_PH_TOP_SMT in C:\Users\Adrianna\Documents\MarsRover2019-PCB\Projects\Science board\new_science_board\sch\connectors.SchDoc with CON_3M_PH_TOP_SMT from UWRT_Schematic_Library_2019.SchLib
Replace Part M-E? CON_3M_PH_TOP_SMT in C:\Users\Adrianna\Documents\MarsRover2019-PCB\Projects\Science board\new_science_board\sch\connectors.SchDoc with CON_3M_PH_TOP_SMT from UWRT_Schematic_Library_2019.SchLib
Replace Part M-F CON_3M_PH_TOP_SMT in C:\Users\Adrianna\Documents\MarsRover2019-PCB\Projects\Science board\new_science_board\sch\connectors.SchDoc with CON_3M_PH_TOP_SMT from UWRT_Schematic_Library_2019.SchLib
Replace Part M-P? CON_3M_PH_TOP_SMT in C:\Users\Adrianna\Documents\MarsRover2019-PCB\Projects\Science board\new_science_board\sch\connectors.SchDoc with CON_3M_PH_TOP_SMT from UWRT_Schematic_Library_2019.SchLib
Replace Part MOIST CON_3M_PH_TOP_SMT in C:\Users\Adrianna\Documents\MarsRover2019-PCB\Projects\Science board\new_science_board\sch\connectors.SchDoc with CON_3M_PH_TOP_SMT from UWRT_Schematic_Library_2019.SchLib
Replace Part P HEADER 4X2 in C:\Users\Adrianna\Documents\MarsRover2019-PCB\Projects\Science board\new_science_board\sch\connectors.SchDoc with HEADER 4X2 from UWRT_Schematic_Library_2019.SchLib
Replace Part R? RES_10K_0603 in C:\Users\Adrianna\Documents\MarsRover2019-PCB\Projects\Science board\new_science_board\sch\connectors.SchDoc with RES_10K_0603 from UWRT_Schematic_Library_2019.SchLib
Replace Part R? RES_10K_0603 in C:\Users\Adrianna\Documents\MarsRover2019-PCB\Projects\Science board\new_science_board\sch\connectors.SchDoc with RES_10K_0603 from UWRT_Schematic_Library_2019.SchLib
Replace Part R? RES_10K_0603 in C:\Users\Adrianna\Documents\MarsRover2019-PCB\Projects\Science board\new_science_board\sch\connectors.SchDoc with RES_10K_0603 from UWRT_Schematic_Library_2019.SchLib
Replace Part R? RES_10K_0603 in C:\Users\Adrianna\Documents\MarsRover2019-PCB\Projects\Science board\new_science_board\sch\connectors.SchDoc with RES_10K_0603 from UWRT_Schematic_Library_2019.SchLib
Replace Part R? RES_4K7_0603 in C:\Users\Adrianna\Documents\MarsRover2019-PCB\Projects\Science board\new_science_board\sch\connectors.SchDoc with RES_4K7_0603 from UWRT_Schematic_Library_2019.SchLib
Replace Part RGB CON_2M_PH_TOP_SMT in C:\Users\Adrianna\Documents\MarsRover2019-PCB\Projects\Science board\new_science_board\sch\connectors.SchDoc with CON_2M_PH_TOP_SMT from UWRT_Schematic_Library_2019.SchLib
Replace Part TEMP CON_3M_PH_TOP_SMT in C:\Users\Adrianna\Documents\MarsRover2019-PCB\Projects\Science board\new_science_board\sch\connectors.SchDoc with CON_3M_PH_TOP_SMT from UWRT_Schematic_Library_2019.SchLib
Replace Part ULTRA CON_4M_PH_TOP_SMT in C:\Users\Adrianna\Documents\MarsRover2019-PCB\Projects\Science board\new_science_board\sch\connectors.SchDoc with CON_4M_PH_TOP_SMT from UWRT_Schematic_Library_2019.SchLib
