Change Component Designator: OldDesignator=5V NewDesignator=2
Change Component Designator: OldDesignator=C13 NewDesignator=C14
Change Component Designator: OldDesignator=C14 NewDesignator=C13
Change Component Designator: OldDesignator=R24 NewDesignator=R23
Added Component: Designator=R24(RESC0603(1608)_N)
Add component. Clean all parameters for all variants
Add component (AddParameter): Name = "Digikey Part Number"; Value = "311-0.0GRCT-ND"; VariantName = "[No Variations]"
Add component (AddParameter): Name = "Dimensions"; Value = "0.063" L x 0.031" W (1.60mm x 0.80mm)"; VariantName = "[No Variations]"
Add component (AddParameter): Name = "Manufacturer"; Value = "Yageo"; VariantName = "[No Variations]"
Add component (AddParameter): Name = "MPN"; Value = "RC0603JR-070RL"; VariantName = "[No Variations]"
Add component (AddParameter): Name = "Package"; Value = "0603 (1608 Metric)"; VariantName = "[No Variations]"
Add component (AddParameter): Name = "Value"; Value = "0R"; VariantName = "[No Variations]"
Added Component: Designator=R25(RESC0603(1608)_N)
Add component. Clean all parameters for all variants
Add component (AddParameter): Name = "Digikey Part Number"; Value = "311-0.0GRCT-ND"; VariantName = "[No Variations]"
Add component (AddParameter): Name = "Dimensions"; Value = "0.063" L x 0.031" W (1.60mm x 0.80mm)"; VariantName = "[No Variations]"
Add component (AddParameter): Name = "Manufacturer"; Value = "Yageo"; VariantName = "[No Variations]"
Add component (AddParameter): Name = "MPN"; Value = "RC0603JR-070RL"; VariantName = "[No Variations]"
Add component (AddParameter): Name = "Package"; Value = "0603 (1608 Metric)"; VariantName = "[No Variations]"
Add component (AddParameter): Name = "Value"; Value = "0R"; VariantName = "[No Variations]"
Added Pin To Net: NetName=NetLED2_2 Pin=R24-1
Added Pin To Net: NetName=NetLED2_2 Pin=R24-2
Added Pin To Net: NetName=NetLED1_2 Pin=R25-1
Added Pin To Net: NetName=NetLED1_2 Pin=R25-2
Change Net Name : Old Net Name=NetR24_1 New Net Name=NetR23_1
Added Member To Class: ClassName=support Member=Component R24 RES_0R_0603
Added Member To Class: ClassName=support Member=Component R25 RES_0R_0603
