Change Physical Footprint: Designator=1 Old Footprint=HDR1X2 New Footprint=HDR1X2
Change Physical Footprint: Designator=C1 Old Footprint=CAPC0603(1608)55_N New Footprint=CAPC0603(1608)55_N
Change Physical Footprint: Designator=C2 Old Footprint=CAPC0603(1608)55_N New Footprint=CAPC0603(1608)55_N
Change Physical Footprint: Designator=C3 Old Footprint=CAPC0603(1608)55_N New Footprint=CAPC0603(1608)55_N
Change Physical Footprint: Designator=C4 Old Footprint=CAPC0603(1608)55_N New Footprint=CAPC0603(1608)55_N
Change Physical Footprint: Designator=C5 Old Footprint=CAPC0603(1608)55_N New Footprint=CAPC0603(1608)55_N
Change Physical Footprint: Designator=C6 Old Footprint=CAPC0603(1608)55_N New Footprint=CAPC0603(1608)55_N
Change Physical Footprint: Designator=C7 Old Footprint=CAPC0603(1608)55_N New Footprint=CAPC0603(1608)55_N
Change Physical Footprint: Designator=C8 Old Footprint=CAPC0603(1608)55_N New Footprint=CAPC0603(1608)55_N
Change Physical Footprint: Designator=C9 Old Footprint=CAPC0603(1608)55_N New Footprint=CAPC0603(1608)55_N
Change Physical Footprint: Designator=C10 Old Footprint=CAPC0603(1608)55_N New Footprint=CAPC0603(1608)55_N
Change Physical Footprint: Designator=C11 Old Footprint=CAPC0603(1608)55_N New Footprint=CAPC0603(1608)55_N
Change Physical Footprint: Designator=C12 Old Footprint=CAPC0603(1608)55_N New Footprint=CAPC0603(1608)55_N
Change Physical Footprint: Designator=C13 Old Footprint=CAPC0603(1608)55_N New Footprint=CAPC0603(1608)55_N
Change Physical Footprint: Designator=C14 Old Footprint=AVX-CAPC3528_V New Footprint=AVX-CAPC3528_V
Change Physical Footprint: Designator=C15 Old Footprint=CAPC0603(1608)55_N New Footprint=CAPC0603(1608)55_N
Change Physical Footprint: Designator=C16 Old Footprint=AVX-CAPC3528_V New Footprint=AVX-CAPC3528_V
Change Physical Footprint: Designator=C17 Old Footprint=CAPC0603(1608)55_N New Footprint=CAPC0603(1608)55_N
Change Physical Footprint: Designator=C18 Old Footprint=CAPC0603(1608)55_N New Footprint=CAPC0603(1608)55_N
Change Physical Footprint: Designator=C19 Old Footprint=AVX-CAPC3528_V New Footprint=AVX-CAPC3528_V
Change Physical Footprint: Designator=C20 Old Footprint=CAPC0603(1608)55_N New Footprint=CAPC0603(1608)55_N
Change Physical Footprint: Designator=C21 Old Footprint=AVX-CAPC3528_V New Footprint=AVX-CAPC3528_V
Change Physical Footprint: Designator=C22 Old Footprint=CAPC0603(1608)55_N New Footprint=CAPC0603(1608)55_N
Change Physical Footprint: Designator=C23 Old Footprint=CAPC0603(1608)55_N New Footprint=CAPC0603(1608)55_N
Change Physical Footprint: Designator=C24 Old Footprint=CAPC0603(1608)55_N New Footprint=CAPC0603(1608)55_N
Change Physical Footprint: Designator=C25 Old Footprint=CAPC0603(1608)55_N New Footprint=CAPC0603(1608)55_N
Change Physical Footprint: Designator=C26 Old Footprint=CAPC0603(1608)55_N New Footprint=CAPC0603(1608)55_N
Change Physical Footprint: Designator=C27 Old Footprint=CAPC0603(1608)55_N New Footprint=CAPC0603(1608)55_N
Change Physical Footprint: Designator=CAN1 Old Footprint=JST-B3B-SM4-TB New Footprint=JST-B3B-SM4-TB
Change Physical Footprint: Designator=D1 Old Footprint=TVS_DIODE_CAN New Footprint=TVS_DIODE_CAN
Change Physical Footprint: Designator=D2 Old Footprint=LED_0805 New Footprint=LED_0805
Change Physical Footprint: Designator=D3 Old Footprint=LED_0805 New Footprint=LED_0805
Change Physical Footprint: Designator=D4 Old Footprint=LED_0805 New Footprint=LED_0805
Change Physical Footprint: Designator=D5 Old Footprint=LED_0805 New Footprint=LED_0805
Change Physical Footprint: Designator=D6 Old Footprint=LED_0805 New Footprint=LED_0805
Change Physical Footprint: Designator=E-C Old Footprint=JST-B5B-SM4-TB New Footprint=JST-B5B-SM4-TB
Change Physical Footprint: Designator=E-E Old Footprint=JST-B5B-SM4-TB New Footprint=JST-B5B-SM4-TB
Change Physical Footprint: Designator=J1 Old Footprint=JST-B2B-PHSK New Footprint=JST-B2B-PHSK
Change Physical Footprint: Designator=J2 Old Footprint=1-1337543-0 New Footprint=1-1337543-0
Change Physical Footprint: Designator=LS-C Old Footprint=JST-B2B-SM4-TB New Footprint=JST-B2B-SM4-TB
Change Physical Footprint: Designator=LS-E-B Old Footprint=JST-B2B-SM4-TB New Footprint=JST-B2B-SM4-TB
Change Physical Footprint: Designator=LS-E-T Old Footprint=JST-B2B-SM4-TB New Footprint=JST-B2B-SM4-TB
Change Physical Footprint: Designator=M-A Old Footprint=JST-B3B-SM4-TB New Footprint=JST-B3B-SM4-TB
Change Physical Footprint: Designator=M-C Old Footprint=JST-B3B-SM4-TB New Footprint=JST-B3B-SM4-TB
Change Physical Footprint: Designator=M-E Old Footprint=JST-B3B-SM4-TB New Footprint=JST-B3B-SM4-TB
Change Physical Footprint: Designator=M-S Old Footprint=JST-B3B-SM4-TB New Footprint=JST-B3B-SM4-TB
Change Physical Footprint: Designator=MOIST Old Footprint=JST-B3B-SM4-TB New Footprint=JST-B3B-SM4-TB
Change Physical Footprint: Designator=P1 Old Footprint=HEADER_2X4 New Footprint=HEADER_2X4
Change Physical Footprint: Designator=R1 Old Footprint=RESC0603(1608)_N New Footprint=RESC0603(1608)_N
Change Physical Footprint: Designator=R2 Old Footprint=RESC0603(1608)_N New Footprint=RESC0603(1608)_N
Change Physical Footprint: Designator=R3 Old Footprint=RESC0603(1608)_N New Footprint=RESC0603(1608)_N
Change Physical Footprint: Designator=R4 Old Footprint=RESC0603(1608)_N New Footprint=RESC0603(1608)_N
Change Physical Footprint: Designator=R5 Old Footprint=RESC0603(1608)_N New Footprint=RESC0603(1608)_N
Change Physical Footprint: Designator=R6 Old Footprint=RESC0603(1608)_N New Footprint=RESC0603(1608)_N
Change Physical Footprint: Designator=R7 Old Footprint=RESC0603(1608)_N New Footprint=RESC0603(1608)_N
Change Physical Footprint: Designator=R8 Old Footprint=RESC0603(1608)_N New Footprint=RESC0603(1608)_N
Change Physical Footprint: Designator=R9 Old Footprint=RESC0603(1608)_N New Footprint=RESC0603(1608)_N
Change Physical Footprint: Designator=R10 Old Footprint=RESC0603(1608)_N New Footprint=RESC0603(1608)_N
Change Physical Footprint: Designator=R11 Old Footprint=RESC0603(1608)_N New Footprint=RESC0603(1608)_N
Change Physical Footprint: Designator=R12 Old Footprint=RESC0603(1608)_N New Footprint=RESC0603(1608)_N
Change Physical Footprint: Designator=R13 Old Footprint=RESC0603(1608)_N New Footprint=RESC0603(1608)_N
Change Physical Footprint: Designator=R14 Old Footprint=3362P-1-502LF New Footprint=3362P-1-502LF
Change Physical Footprint: Designator=R15 Old Footprint=RESC0603(1608)_N New Footprint=RESC0603(1608)_N
Change Physical Footprint: Designator=R16 Old Footprint=RESC0603(1608)_N New Footprint=RESC0603(1608)_N
Change Physical Footprint: Designator=R17 Old Footprint=RESC0603(1608)_N New Footprint=RESC0603(1608)_N
Change Physical Footprint: Designator=R18 Old Footprint=RESC0603(1608)_N New Footprint=RESC0603(1608)_N
Change Physical Footprint: Designator=R19 Old Footprint=RESC0603(1608)_N New Footprint=RESC0603(1608)_N
Change Physical Footprint: Designator=R20 Old Footprint=RESC0603(1608)_N New Footprint=RESC0603(1608)_N
Change Physical Footprint: Designator=R21 Old Footprint=RESC0603(1608)_N New Footprint=RESC0603(1608)_N
Change Physical Footprint: Designator=R22 Old Footprint=RESC0603(1608)_N New Footprint=RESC0603(1608)_N
Change Physical Footprint: Designator=R23 Old Footprint=RESC0603(1608)_N New Footprint=RESC0603(1608)_N
Change Physical Footprint: Designator=R24 Old Footprint=RESC0603(1608)_N New Footprint=RESC0603(1608)_N
Change Physical Footprint: Designator=R25 Old Footprint=RESC0603(1608)_N New Footprint=RESC0603(1608)_N
Change Physical Footprint: Designator=R26 Old Footprint=RESC0603(1608)_N New Footprint=RESC0603(1608)_N
Change Physical Footprint: Designator=R27 Old Footprint=RESC0603(1608)_N New Footprint=RESC0603(1608)_N
Change Physical Footprint: Designator=R28 Old Footprint=RESC0603(1608)_N New Footprint=RESC0603(1608)_N
Change Physical Footprint: Designator=R29 Old Footprint=RESC0603(1608)_N New Footprint=RESC0603(1608)_N
Change Physical Footprint: Designator=R30 Old Footprint=RESC0603(1608)_N New Footprint=RESC0603(1608)_N
Change Physical Footprint: Designator=R31 Old Footprint=RESC0603(1608)_N New Footprint=RESC0603(1608)_N
Change Physical Footprint: Designator=RGB Old Footprint=JST-B2B-SM4-TB New Footprint=JST-B2B-SM4-TB
Change Physical Footprint: Designator=S1 Old Footprint=PTS830GM140 New Footprint=PTS830GM140
Change Physical Footprint: Designator=S2 Old Footprint=B3U-1100P New Footprint=B3U-1100P
Change Physical Footprint: Designator=S3 Old Footprint=B3U-1100P New Footprint=B3U-1100P
Change Physical Footprint: Designator=TEMP Old Footprint=JST-B3B-SM4-TB New Footprint=JST-B3B-SM4-TB
Change Physical Footprint: Designator=TP1 Old Footprint=TESTPOINT New Footprint=TESTPOINT
Change Physical Footprint: Designator=TP2 Old Footprint=TESTPOINT New Footprint=TESTPOINT
Change Physical Footprint: Designator=TP3 Old Footprint=TESTPOINT New Footprint=TESTPOINT
Change Physical Footprint: Designator=TP4 Old Footprint=TESTPOINT New Footprint=TESTPOINT
Change Physical Footprint: Designator=TP5 Old Footprint=TESTPOINT_LOOP New Footprint=TESTPOINT_LOOP
Change Physical Footprint: Designator=TP6 Old Footprint=TESTPOINT_LOOP New Footprint=TESTPOINT_LOOP
Change Physical Footprint: Designator=TP7 Old Footprint=TESTPOINT_LOOP New Footprint=TESTPOINT_LOOP
Change Physical Footprint: Designator=TP8 Old Footprint=TESTPOINT_LOOP New Footprint=TESTPOINT_LOOP
Change Physical Footprint: Designator=TP9 Old Footprint=TESTPOINT_LOOP New Footprint=TESTPOINT_LOOP
Change Physical Footprint: Designator=TP10 Old Footprint=TESTPOINT_LOOP New Footprint=TESTPOINT_LOOP
Change Physical Footprint: Designator=TP11 Old Footprint=TESTPOINT_LOOP New Footprint=TESTPOINT_LOOP
Change Physical Footprint: Designator=TP12 Old Footprint=TESTPOINT_LOOP New Footprint=TESTPOINT_LOOP
Change Physical Footprint: Designator=TP13 Old Footprint=TESTPOINT_LOOP New Footprint=TESTPOINT_LOOP
Change Physical Footprint: Designator=TP14 Old Footprint=TESTPOINT_LOOP New Footprint=TESTPOINT_LOOP
Change Physical Footprint: Designator=TP15 Old Footprint=TESTPOINT_LOOP New Footprint=TESTPOINT_LOOP
Change Physical Footprint: Designator=TP16 Old Footprint=TESTPOINT_LOOP New Footprint=TESTPOINT_LOOP
Change Physical Footprint: Designator=TP17 Old Footprint=TESTPOINT_LOOP New Footprint=TESTPOINT_LOOP
Change Physical Footprint: Designator=TP18 Old Footprint=TESTPOINT_LOOP New Footprint=TESTPOINT_LOOP
Change Physical Footprint: Designator=TP19 Old Footprint=TESTPOINT_LOOP New Footprint=TESTPOINT_LOOP
Change Physical Footprint: Designator=TP20 Old Footprint=TESTPOINT_LOOP New Footprint=TESTPOINT_LOOP
Change Physical Footprint: Designator=TP21 Old Footprint=TESTPOINT_LOOP New Footprint=TESTPOINT_LOOP
Change Physical Footprint: Designator=TP22 Old Footprint=TESTPOINT New Footprint=TESTPOINT
Change Physical Footprint: Designator=TP23 Old Footprint=TESTPOINT New Footprint=TESTPOINT
Change Physical Footprint: Designator=U1 Old Footprint=LTC2875 New Footprint=LTC2875
Change Physical Footprint: Designator=U2 Old Footprint=STM_LQFP64_N New Footprint=STM_LQFP64_N
Change Physical Footprint: Designator=U3 Old Footprint=CA3140AMZ New Footprint=CA3140AMZ
Change Physical Footprint: Designator=U4 Old Footprint=TL081BCDG4 New Footprint=TL081BCDG4
Change Physical Footprint: Designator=U5 Old Footprint=SOT23-6 New Footprint=SOT23-6
Change Physical Footprint: Designator=ULTRA Old Footprint=JST-B4B-SM4-TB New Footprint=JST-B4B-SM4-TB
Change Physical Footprint: Designator=VR1 Old Footprint=VOLTAGE_REGULATOR New Footprint=VOLTAGE_REGULATOR
Change Physical Footprint: Designator=Y1 Old Footprint=AVX-CX2520DB32000D0GEJZ1-4_V New Footprint=AVX-CX2520DB32000D0GEJZ1-4_V
