Removed Member From Class: ClassName=support Member=-5V
Removed Member From Class: ClassName=support Member=PH
Removed Member From Class: ClassName=support Member=R26
Removed Member From Class: ClassName=support Member=R27
Removed Member From Class: ClassName=connectors Member=RGB
Removed Member From Class: ClassName=support Member=SCL
Removed Member From Class: ClassName=support Member=SDA
Change Component Designator: OldDesignator=C26 NewDesignator=C13
Change Component Designator: OldDesignator=C27 NewDesignator=C14
Change Component Designator: OldDesignator=R16 NewDesignator=R9
Change Component Designator: OldDesignator=R19 NewDesignator=R10
Change Component Designator: OldDesignator=R20 NewDesignator=R11
Change Component Designator: OldDesignator=R21 NewDesignator=R12
Change Component Designator: OldDesignator=R22 NewDesignator=R13
Change Component Designator: OldDesignator=R23 NewDesignator=R14
Change Component Designator: OldDesignator=R24 NewDesignator=R15
Change Component Designator: OldDesignator=R25 NewDesignator=R16
Change Component Designator: OldDesignator=R26 NewDesignator=R17
Change Component Designator: OldDesignator=R27 NewDesignator=R18
Change Component Designator: OldDesignator=R28 NewDesignator=R19
Change Component Designator: OldDesignator=R29 NewDesignator=R20
Change Component Designator: OldDesignator=R30 NewDesignator=R21
Change Component Designator: OldDesignator=R31 NewDesignator=R22
Change Component Designator: OldDesignator=R32 NewDesignator=R23
Change Component Designator: OldDesignator=R33 NewDesignator=R24
Change Component Designator: OldDesignator=ULTRA NewDesignator=ULTRA1
Change component parameters: Designator = "UE"; Footprint = "TESTPOINT_LOOP"; UniqueID = "\WQWIPXSC"
Change component parameters. Clean all parameters for all variants
Added Component: Designator=UE?(TESTPOINT_LOOP)
Add component. Clean all parameters for all variants
Added Component: Designator=ULTRA2(JST-B4B-SM4-TB)
Add component. Clean all parameters for all variants
Add component (AddParameter): Name = "ComponentLink1Description"; Value = "Datasheet"; VariantName = "[No Variations]"
Add component (AddParameter): Name = "ComponentLink1URL"; Value = "http://www.jst-mfg.com/product/pdf/eng/ePH.pdf"; VariantName = "[No Variations]"
Add component (AddParameter): Name = "Manufacturer"; Value = "JST"; VariantName = "[No Variations]"
Add component (AddParameter): Name = "Part Number"; Value = "B4B-PH-SM4-TB"; VariantName = "[No Variations]"
Added Component: Designator=UT?(TESTPOINT_LOOP)
Add component. Clean all parameters for all variants
Add component (AddParameter): Name = "Value"; Value = ""; VariantName = "[No Variations]"
Added Pin To Net: NetName=+3V3 Pin=3V3-1
Added Pin To Net: NetName=+3V3 Pin=C1-2
Added Pin To Net: NetName=+3V3 Pin=C5-1
Added Pin To Net: NetName=+3V3 Pin=C6-1
Added Pin To Net: NetName=+3V3 Pin=C7-1
Added Pin To Net: NetName=+3V3 Pin=C8-2
Added Pin To Net: NetName=+3V3 Pin=C9-1
Added Pin To Net: NetName=+3V3 Pin=C10-2
Added Pin To Net: NetName=+3V3 Pin=C11-2
Added Pin To Net: NetName=+3V3 Pin=C12-2
Added Pin To Net: NetName=+3V3 Pin=C14-2
Added Pin To Net: NetName=+3V3 Pin=P1-1
Added Pin To Net: NetName=+3V3 Pin=R3-2
Added Pin To Net: NetName=+3V3 Pin=R9-2
Added Pin To Net: NetName=+3V3 Pin=R15-2
Added Pin To Net: NetName=+3V3 Pin=R16-2
Added Pin To Net: NetName=+3V3 Pin=R17-2
Added Pin To Net: NetName=+3V3 Pin=R20-2
Added Pin To Net: NetName=+3V3 Pin=R22-1
Added Pin To Net: NetName=+3V3 Pin=TEMP-3
Added Pin To Net: NetName=+3V3 Pin=U1-3
Added Pin To Net: NetName=+3V3 Pin=U2-1
Added Pin To Net: NetName=+3V3 Pin=U2-13
Added Pin To Net: NetName=+3V3 Pin=U2-19
Added Pin To Net: NetName=+3V3 Pin=U2-32
Added Pin To Net: NetName=+3V3 Pin=U2-48
Added Pin To Net: NetName=+3V3 Pin=U2-64
Added Pin To Net: NetName=+3V3 Pin=VR1-2
Added Net: Name=+3V3
Added Pin To Net: NetName=+5V Pin=C13-2
Added Pin To Net: NetName=+5V Pin=E-C-4
Added Pin To Net: NetName=+5V Pin=E-E-4
Added Pin To Net: NetName=+5V Pin=M-F-2
Added Pin To Net: NetName=+5V Pin=M-P-2
Added Pin To Net: NetName=+5V Pin=POWER-1
Added Pin To Net: NetName=+5V Pin=R4-2
Added Pin To Net: NetName=+5V Pin=R5-2
Added Pin To Net: NetName=+5V Pin=R6-2
Added Pin To Net: NetName=+5V Pin=R7-2
Added Pin To Net: NetName=+5V Pin=ULTRA1-1
Added Pin To Net: NetName=+5V Pin=ULTRA2-1
Added Pin To Net: NetName=+5V Pin=VR1-3
Added Net: Name=+5V
Added Pin To Net: NetName=CAN_H Pin=CAN1-1
Added Pin To Net: NetName=CAN_H Pin=CAN2-1
Added Pin To Net: NetName=CAN_H Pin=CANH1-1
Added Pin To Net: NetName=CAN_H Pin=D1-1
Added Pin To Net: NetName=CAN_H Pin=R2-1
Added Pin To Net: NetName=CAN_H Pin=U1-7
Added Net: Name=CAN_H
Added Pin To Net: NetName=CAN_L Pin=1-1
Added Pin To Net: NetName=CAN_L Pin=CAN1-2
Added Pin To Net: NetName=CAN_L Pin=CAN2-2
Added Pin To Net: NetName=CAN_L Pin=CANL1-1
Added Pin To Net: NetName=CAN_L Pin=D1-2
Added Pin To Net: NetName=CAN_L Pin=U1-6
Added Net: Name=CAN_L
Added Pin To Net: NetName=GND Pin=C1-1
Added Pin To Net: NetName=GND Pin=C2-1
Added Pin To Net: NetName=GND Pin=C3-1
Added Pin To Net: NetName=GND Pin=C4-1
Added Pin To Net: NetName=GND Pin=C5-2
Added Pin To Net: NetName=GND Pin=C6-2
Added Pin To Net: NetName=GND Pin=C7-2
Added Pin To Net: NetName=GND Pin=C8-1
Added Pin To Net: NetName=GND Pin=C9-2
Added Pin To Net: NetName=GND Pin=C10-1
Added Pin To Net: NetName=GND Pin=C11-1
Added Pin To Net: NetName=GND Pin=C12-1
Added Pin To Net: NetName=GND Pin=C13-1
Added Pin To Net: NetName=GND Pin=C14-1
Added Pin To Net: NetName=GND Pin=CAN1-3
Added Pin To Net: NetName=GND Pin=CAN2-3
Added Pin To Net: NetName=GND Pin=D1-3
Added Pin To Net: NetName=GND Pin=D2-2
Added Pin To Net: NetName=GND Pin=D3-2
Added Pin To Net: NetName=GND Pin=D4-2
Added Pin To Net: NetName=GND Pin=D5-2
Added Pin To Net: NetName=GND Pin=D6-2
Added Pin To Net: NetName=GND Pin=E-C-5
Added Pin To Net: NetName=GND Pin=E-E-5
Added Pin To Net: NetName=GND Pin=GND-1
Added Pin To Net: NetName=GND Pin=LS-C-2
Added Pin To Net: NetName=GND Pin=LS-E-B-2
Added Pin To Net: NetName=GND Pin=LS-ET-2
Added Pin To Net: NetName=GND Pin=M-A-3
Added Pin To Net: NetName=GND Pin=M-C-3
Added Pin To Net: NetName=GND Pin=M-E-3
Added Pin To Net: NetName=GND Pin=M-F-1
Added Pin To Net: NetName=GND Pin=M-P-1
Added Pin To Net: NetName=GND Pin=MOIST-3
Added Pin To Net: NetName=GND Pin=P1-5
Added Pin To Net: NetName=GND Pin=POWER-2
Added Pin To Net: NetName=GND Pin=R1-2
Added Pin To Net: NetName=GND Pin=R10-1
Added Pin To Net: NetName=GND Pin=R11-1
Added Pin To Net: NetName=GND Pin=R12-1
Added Pin To Net: NetName=GND Pin=R13-1
Added Pin To Net: NetName=GND Pin=R14-1
Added Pin To Net: NetName=GND Pin=R23-1
Added Pin To Net: NetName=GND Pin=R23-2
Added Pin To Net: NetName=GND Pin=S1-1
Added Pin To Net: NetName=GND Pin=S2-2
Added Pin To Net: NetName=GND Pin=S3-2
Added Pin To Net: NetName=GND Pin=TEMP-1
Added Pin To Net: NetName=GND Pin=U1-2
Added Pin To Net: NetName=GND Pin=U2-12
Added Pin To Net: NetName=GND Pin=U2-18
Added Pin To Net: NetName=GND Pin=U2-31
Added Pin To Net: NetName=GND Pin=U2-47
Added Pin To Net: NetName=GND Pin=U2-63
Added Pin To Net: NetName=GND Pin=ULTRA1-4
Added Pin To Net: NetName=GND Pin=ULTRA2-4
Added Pin To Net: NetName=GND Pin=VR1-1
Added Pin To Net: NetName=GND Pin=Y1-2
Added Net: Name=GND
Added Pin To Net: NetName=Net1_2 Pin=1-2
Added Pin To Net: NetName=Net1_2 Pin=R2-2
Added Net: Name=Net1_2
Added Pin To Net: NetName=NetC2_2 Pin=C2-2
Added Pin To Net: NetName=NetC2_2 Pin=R8-2
Added Pin To Net: NetName=NetC2_2 Pin=Y1-1
Added Net: Name=NetC2_2
Added Pin To Net: NetName=NetC3_2 Pin=C3-2
Added Pin To Net: NetName=NetC3_2 Pin=U2-5
Added Pin To Net: NetName=NetC3_2 Pin=Y1-3
Added Net: Name=NetC3_2
Added Pin To Net: NetName=NetD2_1 Pin=D2-1
Added Pin To Net: NetName=NetD2_1 Pin=R9-1
Added Net: Name=NetD2_1
Added Pin To Net: NetName=NetD3_1 Pin=D3-1
Added Pin To Net: NetName=NetD3_1 Pin=R18-2
Added Net: Name=NetD3_1
Added Pin To Net: NetName=NetD4_1 Pin=D4-1
Added Pin To Net: NetName=NetD4_1 Pin=R19-2
Added Net: Name=NetD4_1
Added Pin To Net: NetName=NetD5_1 Pin=D5-1
Added Pin To Net: NetName=NetD5_1 Pin=R21-2
Added Net: Name=NetD5_1
Added Pin To Net: NetName=NetD6_1 Pin=D6-1
Added Pin To Net: NetName=NetD6_1 Pin=R24-2
Added Net: Name=NetD6_1
Added Pin To Net: NetName=NetE-C_1 Pin=E-C-1
Added Pin To Net: NetName=NetE-C_1 Pin=EC1-1
Added Pin To Net: NetName=NetE-C_1 Pin=R4-1
Added Pin To Net: NetName=NetE-C_1 Pin=U2-23
Added Net: Name=NetE-C_1
Added Pin To Net: NetName=NetE-C_2 Pin=E-C-2
Added Pin To Net: NetName=NetE-C_2 Pin=EC2-1
Added Pin To Net: NetName=NetE-C_2 Pin=R6-1
Added Pin To Net: NetName=NetE-C_2 Pin=U2-24
Added Net: Name=NetE-C_2
Added Pin To Net: NetName=NetE-C_3 Pin=E-C-3
Added Pin To Net: NetName=NetE-C_3 Pin=ECI-1
Added Pin To Net: NetName=NetE-C_3 Pin=U2-25
Added Net: Name=NetE-C_3
Added Pin To Net: NetName=NetE-E_1 Pin=E-E-1
Added Pin To Net: NetName=NetE-E_1 Pin=EE1-1
Added Pin To Net: NetName=NetE-E_1 Pin=R5-1
Added Pin To Net: NetName=NetE-E_1 Pin=U2-26
Added Net: Name=NetE-E_1
Added Pin To Net: NetName=NetE-E_2 Pin=E-E-2
Added Pin To Net: NetName=NetE-E_2 Pin=EE2-1
Added Pin To Net: NetName=NetE-E_2 Pin=R7-1
Added Pin To Net: NetName=NetE-E_2 Pin=U2-27
Added Net: Name=NetE-E_2
Added Pin To Net: NetName=NetE-E_3 Pin=E-E-3
Added Pin To Net: NetName=NetE-E_3 Pin=EEI-1
Added Pin To Net: NetName=NetE-E_3 Pin=U2-28
Added Net: Name=NetE-E_3
Added Pin To Net: NetName=NetLS-C_1 Pin=LS-C-1
Added Pin To Net: NetName=NetLS-C_1 Pin=R15-1
Added Pin To Net: NetName=NetLS-C_1 Pin=U2-41
Added Net: Name=NetLS-C_1
Added Pin To Net: NetName=NetLS-E-B_1 Pin=LS-E-B-1
Added Pin To Net: NetName=NetLS-E-B_1 Pin=R17-1
Added Pin To Net: NetName=NetLS-E-B_1 Pin=U2-45
Added Net: Name=NetLS-E-B_1
Added Pin To Net: NetName=NetLS-ET_1 Pin=LS-ET-1
Added Pin To Net: NetName=NetLS-ET_1 Pin=R16-1
Added Pin To Net: NetName=NetLS-ET_1 Pin=U2-44
Added Net: Name=NetLS-ET_1
Added Pin To Net: NetName=NetM-A_1 Pin=M-A-1
Added Pin To Net: NetName=NetM-A_1 Pin=PWMA-1
Added Pin To Net: NetName=NetM-A_1 Pin=R14-2
Added Pin To Net: NetName=NetM-A_1 Pin=U2-36
Added Net: Name=NetM-A_1
Added Pin To Net: NetName=NetM-A_2 Pin=M-A-2
Added Pin To Net: NetName=NetM-A_2 Pin=U2-37
Added Net: Name=NetM-A_2
Added Pin To Net: NetName=NetM-C_1 Pin=M-C-1
Added Pin To Net: NetName=NetM-C_1 Pin=PWMC-1
Added Pin To Net: NetName=NetM-C_1 Pin=R12-2
Added Pin To Net: NetName=NetM-C_1 Pin=U2-38
Added Net: Name=NetM-C_1
Added Pin To Net: NetName=NetM-C_2 Pin=M-C-2
Added Pin To Net: NetName=NetM-C_2 Pin=U2-39
Added Net: Name=NetM-C_2
Added Pin To Net: NetName=NetM-E_1 Pin=M-E-1
Added Pin To Net: NetName=NetM-E_1 Pin=PWME-1
Added Pin To Net: NetName=NetM-E_1 Pin=R10-2
Added Pin To Net: NetName=NetM-E_1 Pin=U2-34
Added Net: Name=NetM-E_1
Added Pin To Net: NetName=NetM-E_2 Pin=M-E-2
Added Pin To Net: NetName=NetM-E_2 Pin=U2-35
Added Net: Name=NetM-E_2
Added Pin To Net: NetName=NetM-F_3 Pin=M-F-3
Added Pin To Net: NetName=NetM-F_3 Pin=PWMF-1
Added Pin To Net: NetName=NetM-F_3 Pin=R13-2
Added Pin To Net: NetName=NetM-F_3 Pin=U2-42
Added Net: Name=NetM-F_3
Added Pin To Net: NetName=NetM-P_3 Pin=M-P-3
Added Pin To Net: NetName=NetM-P_3 Pin=PWMP-1
Added Pin To Net: NetName=NetM-P_3 Pin=R11-2
Added Pin To Net: NetName=NetM-P_3 Pin=U2-40
Added Net: Name=NetM-P_3
Added Pin To Net: NetName=NetMOIST_1 Pin=MOIST-1
Added Pin To Net: NetName=NetMOIST_1 Pin=MOIST-P-1
Added Pin To Net: NetName=NetMOIST_1 Pin=U2-20
Added Net: Name=NetMOIST_1
Added Pin To Net: NetName=NetMOIST_2 Pin=MOIST-2
Added Pin To Net: NetName=NetMOIST_2 Pin=MOIST-D-1
Added Pin To Net: NetName=NetMOIST_2 Pin=U2-21
Added Net: Name=NetMOIST_2
Added Pin To Net: NetName=NetP1_2 Pin=P1-2
Added Pin To Net: NetName=NetP1_2 Pin=U2-51
Added Pin To Net: NetName=NetP1_2 Pin=UART_U-1
Added Net: Name=NetP1_2
Added Pin To Net: NetName=NetP1_3 Pin=P1-3
Added Pin To Net: NetName=NetP1_3 Pin=U2-52
Added Pin To Net: NetName=NetP1_3 Pin=UART_R-1
Added Net: Name=NetP1_3
Added Pin To Net: NetName=NetP1_4 Pin=P1-4
Added Pin To Net: NetName=NetP1_4 Pin=U2-54
Added Pin To Net: NetName=NetP1_4 Pin=UART_RTS-1
Added Net: Name=NetP1_4
Added Pin To Net: NetName=NetP1_6 Pin=P1-6
Added Pin To Net: NetName=NetP1_6 Pin=U2-46
Added Net: Name=NetP1_6
Added Pin To Net: NetName=NetP1_7 Pin=P1-7
Added Pin To Net: NetName=NetP1_7 Pin=U2-49
Added Net: Name=NetP1_7
Added Pin To Net: NetName=NetR1_1 Pin=R1-1
Added Pin To Net: NetName=NetR1_1 Pin=U1-8
Added Net: Name=NetR1_1
Added Pin To Net: NetName=NetR3_1 Pin=R3-1
Added Pin To Net: NetName=NetR3_1 Pin=TEMP-2
Added Pin To Net: NetName=NetR3_1 Pin=TEMPT-1
Added Pin To Net: NetName=NetR3_1 Pin=U2-50
Added Net: Name=NetR3_1
Added Pin To Net: NetName=NetR8_1 Pin=R8-1
Added Pin To Net: NetName=NetR8_1 Pin=U2-6
Added Net: Name=NetR8_1
Added Pin To Net: NetName=NetR18_1 Pin=R18-1
Added Pin To Net: NetName=NetR18_1 Pin=U2-8
Added Net: Name=NetR18_1
Added Pin To Net: NetName=NetR19_1 Pin=R19-1
Added Pin To Net: NetName=NetR19_1 Pin=U2-9
Added Net: Name=NetR19_1
Added Pin To Net: NetName=NetR20_1 Pin=R20-1
Added Pin To Net: NetName=NetR20_1 Pin=S2-1
Added Pin To Net: NetName=NetR20_1 Pin=U2-14
Added Net: Name=NetR20_1
Added Pin To Net: NetName=NetR21_1 Pin=R21-1
Added Pin To Net: NetName=NetR21_1 Pin=U2-10
Added Net: Name=NetR21_1
Added Pin To Net: NetName=NetR22_2 Pin=R22-2
Added Pin To Net: NetName=NetR22_2 Pin=S3-1
Added Pin To Net: NetName=NetR22_2 Pin=U2-15
Added Net: Name=NetR22_2
Added Pin To Net: NetName=NetR24_1 Pin=R24-1
Added Pin To Net: NetName=NetR24_1 Pin=U2-11
Added Net: Name=NetR24_1
Added Pin To Net: NetName=NetU1_1 Pin=U1-1
Added Pin To Net: NetName=NetU1_1 Pin=U2-62
Added Net: Name=NetU1_1
Added Pin To Net: NetName=NetU1_4 Pin=U1-4
Added Pin To Net: NetName=NetU1_4 Pin=U2-61
Added Net: Name=NetU1_4
Added Pin To Net: NetName=NetU2_16 Pin=U2-16
Added Pin To Net: NetName=NetU2_16 Pin=ULTRA2-2
Added Pin To Net: NetName=NetU2_16 Pin=UT?-1
Added Net: Name=NetU2_16
Added Pin To Net: NetName=NetU2_17 Pin=U2-17
Added Pin To Net: NetName=NetU2_17 Pin=UE?-1
Added Pin To Net: NetName=NetU2_17 Pin=ULTRA2-3
Added Net: Name=NetU2_17
Added Pin To Net: NetName=NetU2_29 Pin=U2-29
Added Pin To Net: NetName=NetU2_29 Pin=ULTRA1-2
Added Pin To Net: NetName=NetU2_29 Pin=UT-1
Added Net: Name=NetU2_29
Added Pin To Net: NetName=NetU2_30 Pin=U2-30
Added Pin To Net: NetName=NetU2_30 Pin=UE-1
Added Pin To Net: NetName=NetU2_30 Pin=ULTRA1-3
Added Net: Name=NetU2_30
Added Pin To Net: NetName=R\S\T\ Pin=C4-2
Added Pin To Net: NetName=R\S\T\ Pin=P1-8
Added Pin To Net: NetName=R\S\T\ Pin=S1-4
Added Pin To Net: NetName=R\S\T\ Pin=U2-7
Added Net: Name=R\S\T\
Added Member To Class: ClassName=support Member=Component UE? TESTPOINT_LOOP
Added Member To Class: ClassName=connectors Member=Component ULTRA2 PH TOP SMD
Added Member To Class: ClassName=support Member=Component UT? TESTPOINT_LOOP
