Added Pin To Net: NetName=+3V3 Pin=C1-2
Added Pin To Net: NetName=+3V3 Pin=C5-1
Added Pin To Net: NetName=+3V3 Pin=C6-1
Added Pin To Net: NetName=+3V3 Pin=C7-1
Added Pin To Net: NetName=+3V3 Pin=C8-2
Added Pin To Net: NetName=+3V3 Pin=C9-1
Added Pin To Net: NetName=+3V3 Pin=C10-2
Added Pin To Net: NetName=+3V3 Pin=C11-2
Added Pin To Net: NetName=+3V3 Pin=C12-2
Added Pin To Net: NetName=+3V3 Pin=C27-2
Added Pin To Net: NetName=+3V3 Pin=P1-1
Added Pin To Net: NetName=+3V3 Pin=R3-2
Added Pin To Net: NetName=+3V3 Pin=R16-2
Added Pin To Net: NetName=+3V3 Pin=R18-2
Added Pin To Net: NetName=+3V3 Pin=R19-2
Added Pin To Net: NetName=+3V3 Pin=R23-2
Added Pin To Net: NetName=+3V3 Pin=R24-2
Added Pin To Net: NetName=+3V3 Pin=R25-2
Added Pin To Net: NetName=+3V3 Pin=R30-2
Added Pin To Net: NetName=+3V3 Pin=R31-1
Added Pin To Net: NetName=+3V3 Pin=TEMP-3
Added Pin To Net: NetName=+3V3 Pin=TP3-1
Added Pin To Net: NetName=+3V3 Pin=TP22-1
Added Pin To Net: NetName=+3V3 Pin=U1-3
Added Pin To Net: NetName=+3V3 Pin=U2-1
Added Pin To Net: NetName=+3V3 Pin=U2-13
Added Pin To Net: NetName=+3V3 Pin=U2-19
Added Pin To Net: NetName=+3V3 Pin=U2-32
Added Pin To Net: NetName=+3V3 Pin=U2-48
Added Pin To Net: NetName=+3V3 Pin=U2-64
Added Pin To Net: NetName=+3V3 Pin=VR1-2
Added Net: Name=+3V3
Added Pin To Net: NetName=+5V Pin=C13-2
Added Pin To Net: NetName=+5V Pin=C14-1
Added Pin To Net: NetName=+5V Pin=C15-2
Added Pin To Net: NetName=+5V Pin=C16-1
Added Pin To Net: NetName=+5V Pin=C25-2
Added Pin To Net: NetName=+5V Pin=C26-2
Added Pin To Net: NetName=+5V Pin=E-C-4
Added Pin To Net: NetName=+5V Pin=E-E-4
Added Pin To Net: NetName=+5V Pin=J1-1
Added Pin To Net: NetName=+5V Pin=M-S-2
Added Pin To Net: NetName=+5V Pin=R4-2
Added Pin To Net: NetName=+5V Pin=R5-2
Added Pin To Net: NetName=+5V Pin=R6-2
Added Pin To Net: NetName=+5V Pin=R7-2
Added Pin To Net: NetName=+5V Pin=TP23-1
Added Pin To Net: NetName=+5V Pin=U3-7
Added Pin To Net: NetName=+5V Pin=U4-7
Added Pin To Net: NetName=+5V Pin=U5-3
Added Pin To Net: NetName=+5V Pin=U5-4
Added Pin To Net: NetName=+5V Pin=ULTRA-1
Added Pin To Net: NetName=+5V Pin=VR1-3
Added Net: Name=+5V
Added Pin To Net: NetName=-5V Pin=C18-2
Added Pin To Net: NetName=-5V Pin=C19-2
Added Pin To Net: NetName=-5V Pin=C21-2
Added Pin To Net: NetName=-5V Pin=C22-2
Added Pin To Net: NetName=-5V Pin=C23-1
Added Pin To Net: NetName=-5V Pin=R12-1
Added Pin To Net: NetName=-5V Pin=U3-4
Added Pin To Net: NetName=-5V Pin=U4-4
Added Pin To Net: NetName=-5V Pin=U5-1
Added Net: Name=-5V
Added Pin To Net: NetName=CAN_H Pin=CAN1-1
Added Pin To Net: NetName=CAN_H Pin=D1-1
Added Pin To Net: NetName=CAN_H Pin=R2-1
Added Pin To Net: NetName=CAN_H Pin=TP1-1
Added Pin To Net: NetName=CAN_H Pin=U1-7
Added Net: Name=CAN_H
Added Pin To Net: NetName=CAN_L Pin=1-1
Added Pin To Net: NetName=CAN_L Pin=CAN1-2
Added Pin To Net: NetName=CAN_L Pin=D1-2
Added Pin To Net: NetName=CAN_L Pin=TP2-1
Added Pin To Net: NetName=CAN_L Pin=U1-6
Added Net: Name=CAN_L
Added Pin To Net: NetName=GND Pin=C1-1
Added Pin To Net: NetName=GND Pin=C2-1
Added Pin To Net: NetName=GND Pin=C3-1
Added Pin To Net: NetName=GND Pin=C4-1
Added Pin To Net: NetName=GND Pin=C5-2
Added Pin To Net: NetName=GND Pin=C6-2
Added Pin To Net: NetName=GND Pin=C7-2
Added Pin To Net: NetName=GND Pin=C8-1
Added Pin To Net: NetName=GND Pin=C9-2
Added Pin To Net: NetName=GND Pin=C10-1
Added Pin To Net: NetName=GND Pin=C11-1
Added Pin To Net: NetName=GND Pin=C12-1
Added Pin To Net: NetName=GND Pin=C13-1
Added Pin To Net: NetName=GND Pin=C14-2
Added Pin To Net: NetName=GND Pin=C15-1
Added Pin To Net: NetName=GND Pin=C16-2
Added Pin To Net: NetName=GND Pin=C17-1
Added Pin To Net: NetName=GND Pin=C18-1
Added Pin To Net: NetName=GND Pin=C19-1
Added Pin To Net: NetName=GND Pin=C21-1
Added Pin To Net: NetName=GND Pin=C22-1
Added Pin To Net: NetName=GND Pin=C23-2
Added Pin To Net: NetName=GND Pin=C25-1
Added Pin To Net: NetName=GND Pin=C26-1
Added Pin To Net: NetName=GND Pin=C27-1
Added Pin To Net: NetName=GND Pin=CAN1-3
Added Pin To Net: NetName=GND Pin=D1-3
Added Pin To Net: NetName=GND Pin=D2-2
Added Pin To Net: NetName=GND Pin=D3-2
Added Pin To Net: NetName=GND Pin=D4-2
Added Pin To Net: NetName=GND Pin=D5-2
Added Pin To Net: NetName=GND Pin=D6-2
Added Pin To Net: NetName=GND Pin=E-C-5
Added Pin To Net: NetName=GND Pin=E-E-5
Added Pin To Net: NetName=GND Pin=J1-2
Added Pin To Net: NetName=GND Pin=J2-2
Added Pin To Net: NetName=GND Pin=LS-C-2
Added Pin To Net: NetName=GND Pin=LS-E-B-2
Added Pin To Net: NetName=GND Pin=LS-E-T-2
Added Pin To Net: NetName=GND Pin=M-A-3
Added Pin To Net: NetName=GND Pin=M-C-3
Added Pin To Net: NetName=GND Pin=M-E-3
Added Pin To Net: NetName=GND Pin=M-S-1
Added Pin To Net: NetName=GND Pin=MOIST-3
Added Pin To Net: NetName=GND Pin=P1-5
Added Pin To Net: NetName=GND Pin=R1-2
Added Pin To Net: NetName=GND Pin=R15-1
Added Pin To Net: NetName=GND Pin=R17-1
Added Pin To Net: NetName=GND Pin=R20-1
Added Pin To Net: NetName=GND Pin=R21-1
Added Pin To Net: NetName=GND Pin=R22-1
Added Pin To Net: NetName=GND Pin=S1-1
Added Pin To Net: NetName=GND Pin=S2-2
Added Pin To Net: NetName=GND Pin=S3-2
Added Pin To Net: NetName=GND Pin=TEMP-1
Added Pin To Net: NetName=GND Pin=TP4-1
Added Pin To Net: NetName=GND Pin=U1-2
Added Pin To Net: NetName=GND Pin=U2-12
Added Pin To Net: NetName=GND Pin=U2-18
Added Pin To Net: NetName=GND Pin=U2-31
Added Pin To Net: NetName=GND Pin=U2-47
Added Pin To Net: NetName=GND Pin=U2-63
Added Pin To Net: NetName=GND Pin=U4-3
Added Pin To Net: NetName=GND Pin=U5-2
Added Pin To Net: NetName=GND Pin=ULTRA-4
Added Pin To Net: NetName=GND Pin=VR1-1
Added Pin To Net: NetName=GND Pin=Y1-2
Added Net: Name=GND
Added Pin To Net: NetName=Net1_2 Pin=1-2
Added Pin To Net: NetName=Net1_2 Pin=R2-2
Added Net: Name=Net1_2
Added Pin To Net: NetName=NetC2_2 Pin=C2-2
Added Pin To Net: NetName=NetC2_2 Pin=R8-2
Added Pin To Net: NetName=NetC2_2 Pin=Y1-1
Added Net: Name=NetC2_2
Added Pin To Net: NetName=NetC3_2 Pin=C3-2
Added Pin To Net: NetName=NetC3_2 Pin=U2-5
Added Pin To Net: NetName=NetC3_2 Pin=Y1-3
Added Net: Name=NetC3_2
Added Pin To Net: NetName=NetC17_2 Pin=C17-2
Added Pin To Net: NetName=NetC17_2 Pin=R9-2
Added Pin To Net: NetName=NetC17_2 Pin=U3-3
Added Net: Name=NetC17_2
Added Pin To Net: NetName=NetC20_1 Pin=C20-1
Added Pin To Net: NetName=NetC20_1 Pin=R14-3
Added Pin To Net: NetName=NetC20_1 Pin=U3-2
Added Net: Name=NetC20_1
Added Pin To Net: NetName=NetC20_2 Pin=C20-2
Added Pin To Net: NetName=NetC20_2 Pin=R11-1
Added Pin To Net: NetName=NetC20_2 Pin=R13-2
Added Pin To Net: NetName=NetC20_2 Pin=U3-6
Added Net: Name=NetC20_2
Added Pin To Net: NetName=NetC24_1 Pin=C24-1
Added Pin To Net: NetName=NetC24_1 Pin=U5-5
Added Net: Name=NetC24_1
Added Pin To Net: NetName=NetC24_2 Pin=C24-2
Added Pin To Net: NetName=NetC24_2 Pin=U5-6
Added Net: Name=NetC24_2
Added Pin To Net: NetName=NetD2_1 Pin=D2-1
Added Pin To Net: NetName=NetD2_1 Pin=R16-1
Added Net: Name=NetD2_1
Added Pin To Net: NetName=NetD3_1 Pin=D3-1
Added Pin To Net: NetName=NetD3_1 Pin=R26-2
Added Net: Name=NetD3_1
Added Pin To Net: NetName=NetD4_1 Pin=D4-1
Added Pin To Net: NetName=NetD4_1 Pin=R27-2
Added Net: Name=NetD4_1
Added Pin To Net: NetName=NetD5_1 Pin=D5-1
Added Pin To Net: NetName=NetD5_1 Pin=R28-2
Added Net: Name=NetD5_1
Added Pin To Net: NetName=NetD6_1 Pin=D6-1
Added Pin To Net: NetName=NetD6_1 Pin=R29-2
Added Net: Name=NetD6_1
Added Pin To Net: NetName=NetE-C_1 Pin=E-C-1
Added Pin To Net: NetName=NetE-C_1 Pin=R4-1
Added Pin To Net: NetName=NetE-C_1 Pin=U2-23
Added Net: Name=NetE-C_1
Added Pin To Net: NetName=NetE-C_2 Pin=E-C-2
Added Pin To Net: NetName=NetE-C_2 Pin=R6-1
Added Pin To Net: NetName=NetE-C_2 Pin=U2-24
Added Net: Name=NetE-C_2
Added Pin To Net: NetName=NetE-C_3 Pin=E-C-3
Added Pin To Net: NetName=NetE-C_3 Pin=U2-25
Added Net: Name=NetE-C_3
Added Pin To Net: NetName=NetE-E_1 Pin=E-E-1
Added Pin To Net: NetName=NetE-E_1 Pin=R5-1
Added Pin To Net: NetName=NetE-E_1 Pin=U2-26
Added Net: Name=NetE-E_1
Added Pin To Net: NetName=NetE-E_2 Pin=E-E-2
Added Pin To Net: NetName=NetE-E_2 Pin=R7-1
Added Pin To Net: NetName=NetE-E_2 Pin=U2-27
Added Net: Name=NetE-E_2
Added Pin To Net: NetName=NetE-E_3 Pin=E-E-3
Added Pin To Net: NetName=NetE-E_3 Pin=U2-28
Added Net: Name=NetE-E_3
Added Pin To Net: NetName=NetJ2_1 Pin=J2-1
Added Pin To Net: NetName=NetJ2_1 Pin=R9-1
Added Net: Name=NetJ2_1
Added Pin To Net: NetName=NetLS-C_1 Pin=LS-C-1
Added Pin To Net: NetName=NetLS-C_1 Pin=R23-1
Added Pin To Net: NetName=NetLS-C_1 Pin=U2-41
Added Net: Name=NetLS-C_1
Added Pin To Net: NetName=NetLS-E-B_1 Pin=LS-E-B-1
Added Pin To Net: NetName=NetLS-E-B_1 Pin=R25-1
Added Pin To Net: NetName=NetLS-E-B_1 Pin=U2-45
Added Net: Name=NetLS-E-B_1
Added Pin To Net: NetName=NetLS-E-T_1 Pin=LS-E-T-1
Added Pin To Net: NetName=NetLS-E-T_1 Pin=R24-1
Added Pin To Net: NetName=NetLS-E-T_1 Pin=U2-44
Added Net: Name=NetLS-E-T_1
Added Pin To Net: NetName=NetM-A_1 Pin=M-A-1
Added Pin To Net: NetName=NetM-A_1 Pin=R20-2
Added Pin To Net: NetName=NetM-A_1 Pin=U2-36
Added Net: Name=NetM-A_1
Added Pin To Net: NetName=NetM-A_2 Pin=M-A-2
Added Pin To Net: NetName=NetM-A_2 Pin=U2-37
Added Net: Name=NetM-A_2
Added Pin To Net: NetName=NetM-C_1 Pin=M-C-1
Added Pin To Net: NetName=NetM-C_1 Pin=R17-2
Added Pin To Net: NetName=NetM-C_1 Pin=U2-38
Added Net: Name=NetM-C_1
Added Pin To Net: NetName=NetM-C_2 Pin=M-C-2
Added Pin To Net: NetName=NetM-C_2 Pin=U2-39
Added Net: Name=NetM-C_2
Added Pin To Net: NetName=NetM-E_1 Pin=M-E-1
Added Pin To Net: NetName=NetM-E_1 Pin=R21-2
Added Pin To Net: NetName=NetM-E_1 Pin=U2-34
Added Net: Name=NetM-E_1
Added Pin To Net: NetName=NetM-E_2 Pin=M-E-2
Added Pin To Net: NetName=NetM-E_2 Pin=U2-35
Added Net: Name=NetM-E_2
Added Pin To Net: NetName=NetM-S_3 Pin=M-S-3
Added Pin To Net: NetName=NetM-S_3 Pin=R22-2
Added Pin To Net: NetName=NetM-S_3 Pin=U2-40
Added Net: Name=NetM-S_3
Added Pin To Net: NetName=NetMOIST_1 Pin=MOIST-1
Added Pin To Net: NetName=NetMOIST_1 Pin=U2-17
Added Net: Name=NetMOIST_1
Added Pin To Net: NetName=NetMOIST_2 Pin=MOIST-2
Added Pin To Net: NetName=NetMOIST_2 Pin=U2-20
Added Net: Name=NetMOIST_2
Added Pin To Net: NetName=NetP1_2 Pin=P1-2
Added Pin To Net: NetName=NetP1_2 Pin=U2-51
Added Net: Name=NetP1_2
Added Pin To Net: NetName=NetP1_3 Pin=P1-3
Added Pin To Net: NetName=NetP1_3 Pin=U2-52
Added Net: Name=NetP1_3
Added Pin To Net: NetName=NetP1_4 Pin=P1-4
Added Pin To Net: NetName=NetP1_4 Pin=U2-54
Added Net: Name=NetP1_4
Added Pin To Net: NetName=NetP1_6 Pin=P1-6
Added Pin To Net: NetName=NetP1_6 Pin=U2-46
Added Net: Name=NetP1_6
Added Pin To Net: NetName=NetP1_7 Pin=P1-7
Added Pin To Net: NetName=NetP1_7 Pin=U2-49
Added Net: Name=NetP1_7
Added Pin To Net: NetName=NetR1_1 Pin=R1-1
Added Pin To Net: NetName=NetR1_1 Pin=U1-8
Added Net: Name=NetR1_1
Added Pin To Net: NetName=NetR3_1 Pin=R3-1
Added Pin To Net: NetName=NetR3_1 Pin=TEMP-2
Added Pin To Net: NetName=NetR3_1 Pin=U2-50
Added Net: Name=NetR3_1
Added Pin To Net: NetName=NetR8_1 Pin=R8-1
Added Pin To Net: NetName=NetR8_1 Pin=U2-6
Added Net: Name=NetR8_1
Added Pin To Net: NetName=NetR10_1 Pin=R10-1
Added Pin To Net: NetName=NetR10_1 Pin=R11-2
Added Pin To Net: NetName=NetR10_1 Pin=R12-2
Added Pin To Net: NetName=NetR10_1 Pin=U4-2
Added Net: Name=NetR10_1
Added Pin To Net: NetName=NetR10_2 Pin=R10-2
Added Pin To Net: NetName=NetR10_2 Pin=U2-16
Added Pin To Net: NetName=NetR10_2 Pin=U4-6
Added Net: Name=NetR10_2
Added Pin To Net: NetName=NetR13_1 Pin=R13-1
Added Pin To Net: NetName=NetR13_1 Pin=R14-1
Added Net: Name=NetR13_1
Added Pin To Net: NetName=NetR14_2 Pin=R14-2
Added Pin To Net: NetName=NetR14_2 Pin=R15-2
Added Net: Name=NetR14_2
Added Pin To Net: NetName=NetR18_1 Pin=R18-1
Added Pin To Net: NetName=NetR18_1 Pin=RGB-1
Added Pin To Net: NetName=NetR18_1 Pin=U2-58
Added Net: Name=NetR18_1
Added Pin To Net: NetName=NetR19_1 Pin=R19-1
Added Pin To Net: NetName=NetR19_1 Pin=RGB-2
Added Pin To Net: NetName=NetR19_1 Pin=U2-59
Added Net: Name=NetR19_1
Added Pin To Net: NetName=NetR26_1 Pin=R26-1
Added Pin To Net: NetName=NetR26_1 Pin=U2-8
Added Net: Name=NetR26_1
Added Pin To Net: NetName=NetR27_1 Pin=R27-1
Added Pin To Net: NetName=NetR27_1 Pin=U2-9
Added Net: Name=NetR27_1
Added Pin To Net: NetName=NetR28_1 Pin=R28-1
Added Pin To Net: NetName=NetR28_1 Pin=U2-10
Added Net: Name=NetR28_1
Added Pin To Net: NetName=NetR29_1 Pin=R29-1
Added Pin To Net: NetName=NetR29_1 Pin=U2-11
Added Net: Name=NetR29_1
Added Pin To Net: NetName=NetR30_1 Pin=R30-1
Added Pin To Net: NetName=NetR30_1 Pin=S2-1
Added Pin To Net: NetName=NetR30_1 Pin=U2-14
Added Net: Name=NetR30_1
Added Pin To Net: NetName=NetR31_2 Pin=R31-2
Added Pin To Net: NetName=NetR31_2 Pin=S3-1
Added Pin To Net: NetName=NetR31_2 Pin=U2-15
Added Net: Name=NetR31_2
Added Pin To Net: NetName=NetTP20_1 Pin=U2-21
Added Pin To Net: NetName=NetTP20_1 Pin=ULTRA-2
Added Net: Name=NetTP20_1
Added Pin To Net: NetName=NetTP21_1 Pin=U2-22
Added Pin To Net: NetName=NetTP21_1 Pin=ULTRA-3
Added Net: Name=NetTP21_1
Added Pin To Net: NetName=NetU1_1 Pin=U1-1
Added Pin To Net: NetName=NetU1_1 Pin=U2-62
Added Net: Name=NetU1_1
Added Pin To Net: NetName=NetU1_4 Pin=U1-4
Added Pin To Net: NetName=NetU1_4 Pin=U2-61
Added Net: Name=NetU1_4
Added Pin To Net: NetName=R\S\T\ Pin=C4-2
Added Pin To Net: NetName=R\S\T\ Pin=P1-8
Added Pin To Net: NetName=R\S\T\ Pin=S1-4
Added Pin To Net: NetName=R\S\T\ Pin=U2-7
Added Net: Name=R\S\T\
