Replace Part D3 DIO_LED_Y in C:\Users\Adrianna\Documents\MarsRover2019-PCB\Projects\Science board\new_science_board\sch\support.SchDoc with DIO_LED_Y from UWRT_Schematic_Library_2019.SchLib
Replace Part D4 DIO_LED_G in C:\Users\Adrianna\Documents\MarsRover2019-PCB\Projects\Science board\new_science_board\sch\support.SchDoc with DIO_LED_G from UWRT_Schematic_Library_2019.SchLib
Replace Part D5 DIO_LED_G in C:\Users\Adrianna\Documents\MarsRover2019-PCB\Projects\Science board\new_science_board\sch\support.SchDoc with DIO_LED_G from UWRT_Schematic_Library_2019.SchLib
Replace Part D6 DIO_LED_G in C:\Users\Adrianna\Documents\MarsRover2019-PCB\Projects\Science board\new_science_board\sch\support.SchDoc with DIO_LED_G from UWRT_Schematic_Library_2019.SchLib
Replace Part PH TESTPOINT_LOOP in C:\Users\Adrianna\Documents\MarsRover2019-PCB\Projects\Science board\new_science_board\sch\support.SchDoc with TESTPOINT_LOOP from UWRT_Schematic_Library_2019.SchLib
Replace Part R17 RES_10K_0603 in C:\Users\Adrianna\Documents\MarsRover2019-PCB\Projects\Science board\new_science_board\sch\support.SchDoc with RES_10K_0603 from UWRT_Schematic_Library_2019.SchLib
Replace Part R18 RES_4K7_0603 in C:\Users\Adrianna\Documents\MarsRover2019-PCB\Projects\Science board\new_science_board\sch\support.SchDoc with RES_4K7_0603 from UWRT_Schematic_Library_2019.SchLib
Replace Part R19 RES_4K7_0603 in C:\Users\Adrianna\Documents\MarsRover2019-PCB\Projects\Science board\new_science_board\sch\support.SchDoc with RES_4K7_0603 from UWRT_Schematic_Library_2019.SchLib
Replace Part R20 RES_10K_0603 in C:\Users\Adrianna\Documents\MarsRover2019-PCB\Projects\Science board\new_science_board\sch\support.SchDoc with RES_10K_0603 from UWRT_Schematic_Library_2019.SchLib
Replace Part R21 RES_10K_0603 in C:\Users\Adrianna\Documents\MarsRover2019-PCB\Projects\Science board\new_science_board\sch\support.SchDoc with RES_10K_0603 from UWRT_Schematic_Library_2019.SchLib
Replace Part R22 RES_10K_0603 in C:\Users\Adrianna\Documents\MarsRover2019-PCB\Projects\Science board\new_science_board\sch\support.SchDoc with RES_10K_0603 from UWRT_Schematic_Library_2019.SchLib
Replace Part R23 RES_10K_0603 in C:\Users\Adrianna\Documents\MarsRover2019-PCB\Projects\Science board\new_science_board\sch\support.SchDoc with RES_10K_0603 from UWRT_Schematic_Library_2019.SchLib
Replace Part R24 RES_10K_0603 in C:\Users\Adrianna\Documents\MarsRover2019-PCB\Projects\Science board\new_science_board\sch\support.SchDoc with RES_10K_0603 from UWRT_Schematic_Library_2019.SchLib
Replace Part R25 RES_10K_0603 in C:\Users\Adrianna\Documents\MarsRover2019-PCB\Projects\Science board\new_science_board\sch\support.SchDoc with RES_10K_0603 from UWRT_Schematic_Library_2019.SchLib
Replace Part R26 RES_10K_0603 in C:\Users\Adrianna\Documents\MarsRover2019-PCB\Projects\Science board\new_science_board\sch\support.SchDoc with RES_10K_0603 from UWRT_Schematic_Library_2019.SchLib
Replace Part R27 RES_0R_0603 in C:\Users\Adrianna\Documents\MarsRover2019-PCB\Projects\Science board\new_science_board\sch\support.SchDoc with RES_0R_0603 from UWRT_Schematic_Library_2019.SchLib
Replace Part R28 RES_100R_0603 in C:\Users\Adrianna\Documents\MarsRover2019-PCB\Projects\Science board\new_science_board\sch\support.SchDoc with RES_100R_0603 from UWRT_Schematic_Library_2019.SchLib
Replace Part R29 RES_100R_0603 in C:\Users\Adrianna\Documents\MarsRover2019-PCB\Projects\Science board\new_science_board\sch\support.SchDoc with RES_100R_0603 from UWRT_Schematic_Library_2019.SchLib
Replace Part R30 RES_100R_0603 in C:\Users\Adrianna\Documents\MarsRover2019-PCB\Projects\Science board\new_science_board\sch\support.SchDoc with RES_100R_0603 from UWRT_Schematic_Library_2019.SchLib
Replace Part R31 RES_10K_0603 in C:\Users\Adrianna\Documents\MarsRover2019-PCB\Projects\Science board\new_science_board\sch\support.SchDoc with RES_10K_0603 from UWRT_Schematic_Library_2019.SchLib
Replace Part R32 RES_100R_0603 in C:\Users\Adrianna\Documents\MarsRover2019-PCB\Projects\Science board\new_science_board\sch\support.SchDoc with RES_100R_0603 from UWRT_Schematic_Library_2019.SchLib
Replace Part R33 RES_10K_0603 in C:\Users\Adrianna\Documents\MarsRover2019-PCB\Projects\Science board\new_science_board\sch\support.SchDoc with RES_10K_0603 from UWRT_Schematic_Library_2019.SchLib
Replace Part S2 SW_TACTILE in C:\Users\Adrianna\Documents\MarsRover2019-PCB\Projects\Science board\new_science_board\sch\support.SchDoc with SW_TACTILE from UWRT_Schematic_Library_2019.SchLib
Replace Part S3 SW_TACTILE in C:\Users\Adrianna\Documents\MarsRover2019-PCB\Projects\Science board\new_science_board\sch\support.SchDoc with SW_TACTILE from UWRT_Schematic_Library_2019.SchLib
Replace Part TP5 TESTPOINT_LOOP in C:\Users\Adrianna\Documents\MarsRover2019-PCB\Projects\Science board\new_science_board\sch\support.SchDoc with TESTPOINT_LOOP from UWRT_Schematic_Library_2019.SchLib
Replace Part TP6 TESTPOINT_LOOP in C:\Users\Adrianna\Documents\MarsRover2019-PCB\Projects\Science board\new_science_board\sch\support.SchDoc with TESTPOINT_LOOP from UWRT_Schematic_Library_2019.SchLib
Replace Part TP7 TESTPOINT_LOOP in C:\Users\Adrianna\Documents\MarsRover2019-PCB\Projects\Science board\new_science_board\sch\support.SchDoc with TESTPOINT_LOOP from UWRT_Schematic_Library_2019.SchLib
Replace Part TP8 TESTPOINT_LOOP in C:\Users\Adrianna\Documents\MarsRover2019-PCB\Projects\Science board\new_science_board\sch\support.SchDoc with TESTPOINT_LOOP from UWRT_Schematic_Library_2019.SchLib
Replace Part TP9 TESTPOINT_LOOP in C:\Users\Adrianna\Documents\MarsRover2019-PCB\Projects\Science board\new_science_board\sch\support.SchDoc with TESTPOINT_LOOP from UWRT_Schematic_Library_2019.SchLib
Replace Part TP10 TESTPOINT_LOOP in C:\Users\Adrianna\Documents\MarsRover2019-PCB\Projects\Science board\new_science_board\sch\support.SchDoc with TESTPOINT_LOOP from UWRT_Schematic_Library_2019.SchLib
Replace Part TP11 TESTPOINT_LOOP in C:\Users\Adrianna\Documents\MarsRover2019-PCB\Projects\Science board\new_science_board\sch\support.SchDoc with TESTPOINT_LOOP from UWRT_Schematic_Library_2019.SchLib
Replace Part TP12 TESTPOINT_LOOP in C:\Users\Adrianna\Documents\MarsRover2019-PCB\Projects\Science board\new_science_board\sch\support.SchDoc with TESTPOINT_LOOP from UWRT_Schematic_Library_2019.SchLib
Replace Part TP13 TESTPOINT_LOOP in C:\Users\Adrianna\Documents\MarsRover2019-PCB\Projects\Science board\new_science_board\sch\support.SchDoc with TESTPOINT_LOOP from UWRT_Schematic_Library_2019.SchLib
Replace Part TP14 TESTPOINT_LOOP in C:\Users\Adrianna\Documents\MarsRover2019-PCB\Projects\Science board\new_science_board\sch\support.SchDoc with TESTPOINT_LOOP from UWRT_Schematic_Library_2019.SchLib
Replace Part TP15 TESTPOINT_LOOP in C:\Users\Adrianna\Documents\MarsRover2019-PCB\Projects\Science board\new_science_board\sch\support.SchDoc with TESTPOINT_LOOP from UWRT_Schematic_Library_2019.SchLib
Replace Part TP16 TESTPOINT_LOOP in C:\Users\Adrianna\Documents\MarsRover2019-PCB\Projects\Science board\new_science_board\sch\support.SchDoc with TESTPOINT_LOOP from UWRT_Schematic_Library_2019.SchLib
Replace Part TP17 TESTPOINT_LOOP in C:\Users\Adrianna\Documents\MarsRover2019-PCB\Projects\Science board\new_science_board\sch\support.SchDoc with TESTPOINT_LOOP from UWRT_Schematic_Library_2019.SchLib
Replace Part TP18 TESTPOINT_LOOP in C:\Users\Adrianna\Documents\MarsRover2019-PCB\Projects\Science board\new_science_board\sch\support.SchDoc with TESTPOINT_LOOP from UWRT_Schematic_Library_2019.SchLib
Replace Part TP20 TESTPOINT_LOOP in C:\Users\Adrianna\Documents\MarsRover2019-PCB\Projects\Science board\new_science_board\sch\support.SchDoc with TESTPOINT_LOOP from UWRT_Schematic_Library_2019.SchLib
Replace Part TP21 TESTPOINT_LOOP in C:\Users\Adrianna\Documents\MarsRover2019-PCB\Projects\Science board\new_science_board\sch\support.SchDoc with TESTPOINT_LOOP from UWRT_Schematic_Library_2019.SchLib
Replace Part TP22 TESTPOINT_SMD in C:\Users\Adrianna\Documents\MarsRover2019-PCB\Projects\Science board\new_science_board\sch\support.SchDoc with TESTPOINT_SMD from UWRT_Schematic_Library_2019.SchLib
Replace Part TP23 TESTPOINT_SMD in C:\Users\Adrianna\Documents\MarsRover2019-PCB\Projects\Science board\new_science_board\sch\support.SchDoc with TESTPOINT_SMD from UWRT_Schematic_Library_2019.SchLib
