Change Component Designator: Old Designator=-5V New Designator=-?
Change Component Designator: Old Designator=D3 New Designator=D?
Change Component Designator: Old Designator=D4 New Designator=D?
Change Component Designator: Old Designator=D5 New Designator=D?
Change Component Designator: Old Designator=D6 New Designator=D?
Change Component Designator: Old Designator=ECI New Designator=ECI?
Change Component Designator: Old Designator=MH1 New Designator=MH?
Change Component Designator: Old Designator=MH2 New Designator=MH?
Change Component Designator: Old Designator=MH3 New Designator=MH?
Change Component Designator: Old Designator=MH4 New Designator=MH?
Change Component Designator: Old Designator=MOIST-P New Designator=MOIST-P?
Change Component Designator: Old Designator=R17 New Designator=R?
Change Component Designator: Old Designator=R18 New Designator=R?
Change Component Designator: Old Designator=R19 New Designator=R?
Change Component Designator: Old Designator=R20 New Designator=R?
Change Component Designator: Old Designator=R21 New Designator=R?
Change Component Designator: Old Designator=R22 New Designator=R?
Change Component Designator: Old Designator=R23 New Designator=R?
Change Component Designator: Old Designator=R24 New Designator=R?
Change Component Designator: Old Designator=R25 New Designator=R?
Change Component Designator: Old Designator=R26 New Designator=R?
Change Component Designator: Old Designator=R27 New Designator=R?
Change Component Designator: Old Designator=R28 New Designator=R?
Change Component Designator: Old Designator=R29 New Designator=R?
Change Component Designator: Old Designator=R30 New Designator=R?
Change Component Designator: Old Designator=R31 New Designator=R?
Change Component Designator: Old Designator=R32 New Designator=R?
Change Component Designator: Old Designator=R33 New Designator=R?
Change Component Designator: Old Designator=S2 New Designator=S?
Change Component Designator: Old Designator=S3 New Designator=S?
Change Component Designator: Old Designator=SCL New Designator=SCL?
