Change Component Designator: Old Designator=D3 New Designator=D?
Change Component Designator: Old Designator=D4 New Designator=D?
Change Component Designator: Old Designator=D5 New Designator=D?
Change Component Designator: Old Designator=D6 New Designator=D?
Change Component Designator: Old Designator=MH1 New Designator=MH?
Change Component Designator: Old Designator=MH2 New Designator=MH?
Change Component Designator: Old Designator=MH3 New Designator=MH?
Change Component Designator: Old Designator=MH4 New Designator=MH?
Change Component Designator: Old Designator=R17 New Designator=R?
Change Component Designator: Old Designator=R18 New Designator=R?
Change Component Designator: Old Designator=R19 New Designator=R?
Change Component Designator: Old Designator=R20 New Designator=R?
Change Component Designator: Old Designator=R21 New Designator=R?
Change Component Designator: Old Designator=R22 New Designator=R?
Change Component Designator: Old Designator=R23 New Designator=R?
Change Component Designator: Old Designator=R24 New Designator=R?
Change Component Designator: Old Designator=R25 New Designator=R?
Change Component Designator: Old Designator=R26 New Designator=R?
Change Component Designator: Old Designator=R27 New Designator=R?
Change Component Designator: Old Designator=R28 New Designator=R?
Change Component Designator: Old Designator=R29 New Designator=R?
Change Component Designator: Old Designator=R30 New Designator=R?
Change Component Designator: Old Designator=R31 New Designator=R?
Change Component Designator: Old Designator=R32 New Designator=R?
Change Component Designator: Old Designator=R33 New Designator=R?
Change Component Designator: Old Designator=S2 New Designator=S?
Change Component Designator: Old Designator=S3 New Designator=S?
Change Component Designator: Old Designator=TP5 New Designator=TP?
Change Component Designator: Old Designator=TP6 New Designator=TP?
Change Component Designator: Old Designator=TP7 New Designator=TP?
Change Component Designator: Old Designator=TP8 New Designator=TP?
Change Component Designator: Old Designator=TP9 New Designator=TP?
Change Component Designator: Old Designator=TP10 New Designator=TP?
Change Component Designator: Old Designator=TP11 New Designator=TP?
Change Component Designator: Old Designator=TP12 New Designator=TP?
Change Component Designator: Old Designator=TP13 New Designator=TP?
Change Component Designator: Old Designator=TP14 New Designator=TP?
Change Component Designator: Old Designator=TP15 New Designator=TP?
Change Component Designator: Old Designator=TP16 New Designator=TP?
Change Component Designator: Old Designator=TP17 New Designator=TP?
Change Component Designator: Old Designator=TP18 New Designator=TP?
Change Component Designator: Old Designator=TP19 New Designator=TP?
Change Component Designator: Old Designator=TP20 New Designator=TP?
Change Component Designator: Old Designator=TP21 New Designator=TP?
Change Component Designator: Old Designator=TP22 New Designator=TP?
Change Component Designator: Old Designator=TP23 New Designator=TP?
