Change Physical Footprint: Designator= Old Footprint=TESTPOINT_LOOP New Footprint=TESTPOINT_LOOP
Change Physical Footprint: Designator= Old Footprint=TESTPOINT_LOOP New Footprint=TESTPOINT_LOOP
Change Physical Footprint: Designator= Old Footprint=TESTPOINT_LOOP New Footprint=TESTPOINT_LOOP
Change Physical Footprint: Designator=1 Old Footprint=HDR1X2 New Footprint=HDR1X2
Change Physical Footprint: Designator=3V3 Old Footprint=TESTPOINT New Footprint=TESTPOINT
Change Physical Footprint: Designator=C1 Old Footprint=CAPC0603(1608)55_N New Footprint=CAPC0603(1608)55_N
Change Physical Footprint: Designator=C2 Old Footprint=CAPC0603(1608)55_N New Footprint=CAPC0603(1608)55_N
Change Physical Footprint: Designator=C3 Old Footprint=CAPC0603(1608)55_N New Footprint=CAPC0603(1608)55_N
Change Physical Footprint: Designator=C4 Old Footprint=CAPC0603(1608)55_N New Footprint=CAPC0603(1608)55_N
Change Physical Footprint: Designator=C5 Old Footprint=CAPC0603(1608)55_N New Footprint=CAPC0603(1608)55_N
Change Physical Footprint: Designator=C6 Old Footprint=CAPC0603(1608)55_N New Footprint=CAPC0603(1608)55_N
Change Physical Footprint: Designator=C7 Old Footprint=CAPC0603(1608)55_N New Footprint=CAPC0603(1608)55_N
Change Physical Footprint: Designator=C8 Old Footprint=CAPC0603(1608)55_N New Footprint=CAPC0603(1608)55_N
Change Physical Footprint: Designator=C9 Old Footprint=CAPC0603(1608)55_N New Footprint=CAPC0603(1608)55_N
Change Physical Footprint: Designator=C10 Old Footprint=CAPC0603(1608)55_N New Footprint=CAPC0603(1608)55_N
Change Physical Footprint: Designator=C11 Old Footprint=CAPC0603(1608)55_N New Footprint=CAPC0603(1608)55_N
Change Physical Footprint: Designator=C12 Old Footprint=CAPC0603(1608)55_N New Footprint=CAPC0603(1608)55_N
Change Physical Footprint: Designator=C13 Old Footprint=CAPC0603(1608)55_N New Footprint=CAPC0603(1608)55_N
Change Physical Footprint: Designator=C14 Old Footprint=AVX-CAPC3528_V New Footprint=AVX-CAPC3528_V
Change Physical Footprint: Designator=CAN1 Old Footprint=JST-B3B-SM4-TB New Footprint=JST-B3B-SM4-TB
Change Physical Footprint: Designator=CAN2 Old Footprint=JST-B3B-SM4-TB New Footprint=JST-B3B-SM4-TB
Change Physical Footprint: Designator=CANH Old Footprint=TESTPOINT_LOOP New Footprint=TESTPOINT_LOOP
Change Physical Footprint: Designator=CANL Old Footprint=TESTPOINT_LOOP New Footprint=TESTPOINT_LOOP
Change Physical Footprint: Designator=CR Old Footprint=TESTPOINT_LOOP New Footprint=TESTPOINT_LOOP
Change Physical Footprint: Designator=CR Old Footprint=JST-B3B-SM4-TB New Footprint=JST-B3B-SM4-TB
Change Physical Footprint: Designator=D1 Old Footprint=TVS_DIODE_CAN New Footprint=TVS_DIODE_CAN
Change Physical Footprint: Designator=D2 Old Footprint=LED_0805_LINE New Footprint=LED_0805_LINE
Change Physical Footprint: Designator=D3 Old Footprint=LED_0805_LINE New Footprint=LED_0805_LINE
Change Physical Footprint: Designator=D4 Old Footprint=LED_0805_LINE New Footprint=LED_0805_LINE
Change Physical Footprint: Designator=D5 Old Footprint=LED_0805_LINE New Footprint=LED_0805_LINE
Change Physical Footprint: Designator=D6 Old Footprint=LED_0805_LINE New Footprint=LED_0805_LINE
Change Physical Footprint: Designator=ENC Old Footprint=TESTPOINT_LOOP New Footprint=TESTPOINT_LOOP
Change Physical Footprint: Designator=ENC1 Old Footprint=JST-B3B-SM4-TB New Footprint=JST-B3B-SM4-TB
Change Physical Footprint: Designator=F_5A Old Footprint=FUSE New Footprint=FUSE
Change Physical Footprint: Designator=GND Old Footprint=TESTPOINT_LOOP New Footprint=TESTPOINT_LOOP
Change Physical Footprint: Designator=LS1 Old Footprint=JST-B2B-SM4-TB New Footprint=JST-B2B-SM4-TB
Change Physical Footprint: Designator=LS2 Old Footprint=JST-B2B-SM4-TB New Footprint=JST-B2B-SM4-TB
Change Physical Footprint: Designator=MH1 Old Footprint=MOUNTING_HOLE New Footprint=MOUNTING_HOLE
Change Physical Footprint: Designator=MH2 Old Footprint=MOUNTING_HOLE New Footprint=MOUNTING_HOLE
Change Physical Footprint: Designator=MH3 Old Footprint=MOUNTING_HOLE New Footprint=MOUNTING_HOLE
Change Physical Footprint: Designator=MH4 Old Footprint=MOUNTING_HOLE New Footprint=MOUNTING_HOLE
Change Physical Footprint: Designator=P1 Old Footprint=HEADER_2X4 New Footprint=HEADER_2X4
Change Physical Footprint: Designator=POWER Old Footprint=JST-B2B-PHSK New Footprint=JST-B2B-PHSK
Change Physical Footprint: Designator=R0 Old Footprint=RESC0603(1608)_N New Footprint=RESC0603(1608)_N
Change Physical Footprint: Designator=R1 Old Footprint=RESC0603(1608)_N New Footprint=RESC0603(1608)_N
Change Physical Footprint: Designator=R2 Old Footprint=RESC0603(1608)_N New Footprint=RESC0603(1608)_N
Change Physical Footprint: Designator=R3 Old Footprint=RESC0603(1608)_N New Footprint=RESC0603(1608)_N
Change Physical Footprint: Designator=R4 Old Footprint=RESC0603(1608)_N New Footprint=RESC0603(1608)_N
Change Physical Footprint: Designator=R5 Old Footprint=RESC0603(1608)_N New Footprint=RESC0603(1608)_N
Change Physical Footprint: Designator=R6 Old Footprint=RESC0603(1608)_N New Footprint=RESC0603(1608)_N
Change Physical Footprint: Designator=R7 Old Footprint=RESC0603(1608)_N New Footprint=RESC0603(1608)_N
Change Physical Footprint: Designator=R8 Old Footprint=RESC0603(1608)_N New Footprint=RESC0603(1608)_N
Change Physical Footprint: Designator=R9 Old Footprint=RESC0603(1608)_N New Footprint=RESC0603(1608)_N
Change Physical Footprint: Designator=R10 Old Footprint=RESC0603(1608)_N New Footprint=RESC0603(1608)_N
Change Physical Footprint: Designator=R11 Old Footprint=RESC0603(1608)_N New Footprint=RESC0603(1608)_N
Change Physical Footprint: Designator=R12 Old Footprint=RESC0603(1608)_N New Footprint=RESC0603(1608)_N
Change Physical Footprint: Designator=R13 Old Footprint=RESC0603(1608)_N New Footprint=RESC0603(1608)_N
Change Physical Footprint: Designator=S1 Old Footprint=PTS830GM140 New Footprint=PTS830GM140
Change Physical Footprint: Designator=S2 Old Footprint=B3U-1100P New Footprint=B3U-1100P
Change Physical Footprint: Designator=S3 Old Footprint=B3U-1100P New Footprint=B3U-1100P
Change Physical Footprint: Designator=TH Old Footprint=JST-B3B-PHSK New Footprint=JST-B3B-PHSK
Change Physical Footprint: Designator=TH Old Footprint=TESTPOINT_LOOP New Footprint=TESTPOINT_LOOP
Change Physical Footprint: Designator=TP_5V Old Footprint=TESTPOINT New Footprint=TESTPOINT
Change Physical Footprint: Designator=U1 Old Footprint=LT-S8_N New Footprint=LT-S8_N
Change Physical Footprint: Designator=U2 Old Footprint=STM_LQFP64_N New Footprint=STM_LQFP64_N
Change Physical Footprint: Designator=VR1 Old Footprint=VOLTAGE_REGULATOR New Footprint=VOLTAGE_REGULATOR
Change Physical Footprint: Designator=Y1 Old Footprint=AVX-CX2520DB32000D0GEJZ1-4_V New Footprint=AVX-CX2520DB32000D0GEJZ1-4_V
