Replace Part D3 DIO_LED_Y in C:\Users\Xujia\Documents\Robotics 2019\MarsRover2019-PCB\Projects\Gimbal Board\Gimbal 2019\PCB_Project\sch\support.SchDoc with DIO_LED_Y from UWRT_Schematic_Library_2019.SchLib
Replace Part D4 DIO_LED_G in C:\Users\Xujia\Documents\Robotics 2019\MarsRover2019-PCB\Projects\Gimbal Board\Gimbal 2019\PCB_Project\sch\support.SchDoc with DIO_LED_G from UWRT_Schematic_Library_2019.SchLib
Replace Part D5 DIO_LED_G in C:\Users\Xujia\Documents\Robotics 2019\MarsRover2019-PCB\Projects\Gimbal Board\Gimbal 2019\PCB_Project\sch\support.SchDoc with DIO_LED_G from UWRT_Schematic_Library_2019.SchLib
Replace Part D6 DIO_LED_G in C:\Users\Xujia\Documents\Robotics 2019\MarsRover2019-PCB\Projects\Gimbal Board\Gimbal 2019\PCB_Project\sch\support.SchDoc with DIO_LED_G from UWRT_Schematic_Library_2019.SchLib
Replace Part MH1 MOUNTING_HOLES in C:\Users\Xujia\Documents\Robotics 2019\MarsRover2019-PCB\Projects\Gimbal Board\Gimbal 2019\PCB_Project\sch\support.SchDoc with MOUNTING_HOLES from UWRT_Schematic_Library_2019.SchLib
Replace Part MH2 MOUNTING_HOLES in C:\Users\Xujia\Documents\Robotics 2019\MarsRover2019-PCB\Projects\Gimbal Board\Gimbal 2019\PCB_Project\sch\support.SchDoc with MOUNTING_HOLES from UWRT_Schematic_Library_2019.SchLib
Replace Part MH3 MOUNTING_HOLES in C:\Users\Xujia\Documents\Robotics 2019\MarsRover2019-PCB\Projects\Gimbal Board\Gimbal 2019\PCB_Project\sch\support.SchDoc with MOUNTING_HOLES from UWRT_Schematic_Library_2019.SchLib
Replace Part MH4 MOUNTING_HOLES in C:\Users\Xujia\Documents\Robotics 2019\MarsRover2019-PCB\Projects\Gimbal Board\Gimbal 2019\PCB_Project\sch\support.SchDoc with MOUNTING_HOLES from UWRT_Schematic_Library_2019.SchLib
Replace Part R4 RES_10K_0603 in C:\Users\Xujia\Documents\Robotics 2019\MarsRover2019-PCB\Projects\Gimbal Board\Gimbal 2019\PCB_Project\sch\support.SchDoc with RES_10K_0603 from UWRT_Schematic_Library_2019.SchLib
Replace Part R5 RES_10K_0603 in C:\Users\Xujia\Documents\Robotics 2019\MarsRover2019-PCB\Projects\Gimbal Board\Gimbal 2019\PCB_Project\sch\support.SchDoc with RES_10K_0603 from UWRT_Schematic_Library_2019.SchLib
Replace Part R6 RES_10K_0603 in C:\Users\Xujia\Documents\Robotics 2019\MarsRover2019-PCB\Projects\Gimbal Board\Gimbal 2019\PCB_Project\sch\support.SchDoc with RES_10K_0603 from UWRT_Schematic_Library_2019.SchLib
Replace Part R7 RES_10K_0603 in C:\Users\Xujia\Documents\Robotics 2019\MarsRover2019-PCB\Projects\Gimbal Board\Gimbal 2019\PCB_Project\sch\support.SchDoc with RES_10K_0603 from UWRT_Schematic_Library_2019.SchLib
Replace Part R8 RES_10K_0603 in C:\Users\Xujia\Documents\Robotics 2019\MarsRover2019-PCB\Projects\Gimbal Board\Gimbal 2019\PCB_Project\sch\support.SchDoc with RES_10K_0603 from UWRT_Schematic_Library_2019.SchLib
Replace Part R9 RES_10K_0603 in C:\Users\Xujia\Documents\Robotics 2019\MarsRover2019-PCB\Projects\Gimbal Board\Gimbal 2019\PCB_Project\sch\support.SchDoc with RES_10K_0603 from UWRT_Schematic_Library_2019.SchLib
Replace Part R10 RES_100R_0603 in C:\Users\Xujia\Documents\Robotics 2019\MarsRover2019-PCB\Projects\Gimbal Board\Gimbal 2019\PCB_Project\sch\support.SchDoc with RES_100R_0603 from UWRT_Schematic_Library_2019.SchLib
Replace Part R11 RES_100R_0603 in C:\Users\Xujia\Documents\Robotics 2019\MarsRover2019-PCB\Projects\Gimbal Board\Gimbal 2019\PCB_Project\sch\support.SchDoc with RES_100R_0603 from UWRT_Schematic_Library_2019.SchLib
Replace Part R12 RES_100R_0603 in C:\Users\Xujia\Documents\Robotics 2019\MarsRover2019-PCB\Projects\Gimbal Board\Gimbal 2019\PCB_Project\sch\support.SchDoc with RES_100R_0603 from UWRT_Schematic_Library_2019.SchLib
Replace Part R13 RES_100R_0603 in C:\Users\Xujia\Documents\Robotics 2019\MarsRover2019-PCB\Projects\Gimbal Board\Gimbal 2019\PCB_Project\sch\support.SchDoc with RES_100R_0603 from UWRT_Schematic_Library_2019.SchLib
Replace Part S2 SW_TACTILE in C:\Users\Xujia\Documents\Robotics 2019\MarsRover2019-PCB\Projects\Gimbal Board\Gimbal 2019\PCB_Project\sch\support.SchDoc with SW_TACTILE from UWRT_Schematic_Library_2019.SchLib
Replace Part S3 SW_TACTILE in C:\Users\Xujia\Documents\Robotics 2019\MarsRover2019-PCB\Projects\Gimbal Board\Gimbal 2019\PCB_Project\sch\support.SchDoc with SW_TACTILE from UWRT_Schematic_Library_2019.SchLib
