Replace Part C2 CAP_15pF_0603 in C:\Users\14169\Documents\GitHub\MarsRover2019-PCB\Projects\Safety Board\MCU.SchDoc with CAP_15pF_0603 from UWRT_Schematic_Library_2019.SchLib
Replace Part C3 CAP_15pF_0603 in C:\Users\14169\Documents\GitHub\MarsRover2019-PCB\Projects\Safety Board\MCU.SchDoc with CAP_15pF_0603 from UWRT_Schematic_Library_2019.SchLib
Replace Part C4 CAP_0.1uF_16V_0603 in C:\Users\14169\Documents\GitHub\MarsRover2019-PCB\Projects\Safety Board\MCU.SchDoc with CAP_0.1uF_16V_0603 from UWRT_Schematic_Library_2019.SchLib
Replace Part C5 CAP_0.1uF_16V_0603 in C:\Users\14169\Documents\GitHub\MarsRover2019-PCB\Projects\Safety Board\MCU.SchDoc with CAP_0.1uF_16V_0603 from UWRT_Schematic_Library_2019.SchLib
Replace Part C6 CAP_0.1uF_16V_0603 in C:\Users\14169\Documents\GitHub\MarsRover2019-PCB\Projects\Safety Board\MCU.SchDoc with CAP_0.1uF_16V_0603 from UWRT_Schematic_Library_2019.SchLib
Replace Part C7 CAP_0.1uF_16V_0603 in C:\Users\14169\Documents\GitHub\MarsRover2019-PCB\Projects\Safety Board\MCU.SchDoc with CAP_0.1uF_16V_0603 from UWRT_Schematic_Library_2019.SchLib
Replace Part C8 CAP_4.7uF_0603 in C:\Users\14169\Documents\GitHub\MarsRover2019-PCB\Projects\Safety Board\MCU.SchDoc with CAP_4.7uF_0603 from UWRT_Schematic_Library_2019.SchLib
Replace Part C9 CAP_0.1uF_16V_0603 in C:\Users\14169\Documents\GitHub\MarsRover2019-PCB\Projects\Safety Board\MCU.SchDoc with CAP_0.1uF_16V_0603 from UWRT_Schematic_Library_2019.SchLib
Replace Part C10 CAP_0.1uF_16V_0603 in C:\Users\14169\Documents\GitHub\MarsRover2019-PCB\Projects\Safety Board\MCU.SchDoc with CAP_0.1uF_16V_0603 from UWRT_Schematic_Library_2019.SchLib
Replace Part C11 CAP_10nF_0603 in C:\Users\14169\Documents\GitHub\MarsRover2019-PCB\Projects\Safety Board\MCU.SchDoc with CAP_10nF_0603 from UWRT_Schematic_Library_2019.SchLib
Replace Part C12 CAP_1uF_16V_0603 in C:\Users\14169\Documents\GitHub\MarsRover2019-PCB\Projects\Safety Board\MCU.SchDoc with CAP_1uF_16V_0603 from UWRT_Schematic_Library_2019.SchLib
Replace Part C? CAP_1uF_16V_0603 in C:\Users\14169\Documents\GitHub\MarsRover2019-PCB\Projects\Safety Board\MCU.SchDoc with CAP_1uF_16V_0603 from UWRT_Schematic_Library_2019.SchLib
Replace Part C? CAP_10nF_0603 in C:\Users\14169\Documents\GitHub\MarsRover2019-PCB\Projects\Safety Board\MCU.SchDoc with CAP_10nF_0603 from UWRT_Schematic_Library_2019.SchLib
Replace Part R3 RES_0R_0603 in C:\Users\14169\Documents\GitHub\MarsRover2019-PCB\Projects\Safety Board\MCU.SchDoc with RES_0R_0603 from UWRT_Schematic_Library_2019.SchLib
Replace Part R11 RES_78K7_0603 in C:\Users\14169\Documents\GitHub\MarsRover2019-PCB\Projects\Safety Board\MCU.SchDoc with RES_78K7_0603 from UWRT_Schematic_Library_2019.SchLib
Replace Part R12 RES_84K5_0603 in C:\Users\14169\Documents\GitHub\MarsRover2019-PCB\Projects\Safety Board\MCU.SchDoc with RES_84K5_0603 from UWRT_Schematic_Library_2019.SchLib
Replace Part RT1 NTC_THERM_100K in C:\Users\14169\Documents\GitHub\MarsRover2019-PCB\Projects\Safety Board\MCU.SchDoc with NTC_THERM_100K from UWRT_Schematic_Library_2019.SchLib
Replace Part S1 SW_PWR in C:\Users\14169\Documents\GitHub\MarsRover2019-PCB\Projects\Safety Board\MCU.SchDoc with SW_PWR from UWRT_Schematic_Library_2019.SchLib
Replace Part TP? TESTPOINT_SMD in C:\Users\14169\Documents\GitHub\MarsRover2019-PCB\Projects\Safety Board\MCU.SchDoc with TESTPOINT_SMD from UWRT_Schematic_Library_2019.SchLib
Replace Part TP? TESTPOINT_SMD in C:\Users\14169\Documents\GitHub\MarsRover2019-PCB\Projects\Safety Board\MCU.SchDoc with TESTPOINT_SMD from UWRT_Schematic_Library_2019.SchLib
Replace Part TP? TESTPOINT_SMD in C:\Users\14169\Documents\GitHub\MarsRover2019-PCB\Projects\Safety Board\MCU.SchDoc with TESTPOINT_SMD from UWRT_Schematic_Library_2019.SchLib
Replace Part TP? TESTPOINT_SMD in C:\Users\14169\Documents\GitHub\MarsRover2019-PCB\Projects\Safety Board\MCU.SchDoc with TESTPOINT_SMD from UWRT_Schematic_Library_2019.SchLib
Replace Part U2 STM32F091RC in C:\Users\14169\Documents\GitHub\MarsRover2019-PCB\Projects\Safety Board\MCU.SchDoc with STM32F091RC from UWRT_Schematic_Library_2019.SchLib
Replace Part Y1 CRYSTAL_32MHZ in C:\Users\14169\Documents\GitHub\MarsRover2019-PCB\Projects\Safety Board\MCU.SchDoc with CRYSTAL_32MHZ from UWRT_Schematic_Library_2019.SchLib
