Change Component Comment : Designator=VR1 Old Comment=5V0_3V3_LDO New Comment=5V0_3V3_VR
Change Component Comment : Designator=1 Old Comment=Header 2 New Comment=JUMPER
Change Component Comment : Designator=UART_SWD1 Old Comment=HEADER 4X2 New Comment=UART_SWD1
Change Component Comment : Designator=CAN1 Old Comment=PH TOP SMD New Comment=CAN1
Change Component Comment : Designator=CAN2 Old Comment=PH TOP SMD New Comment=CAN1
Change Component Comment : Designator=E1 Old Comment=PH TOP SMD New Comment=ENC1
Change Component Comment : Designator=E2 Old Comment=PH TOP SMD New Comment=ENC2
Change Component Comment : Designator=E3 Old Comment=PH TOP SMD New Comment=ENC3
Change Component Comment : Designator=ER1 Old Comment=PH TOP SMD New Comment=ENCREL1
Change Component Comment : Designator=ER2 Old Comment=PH TOP SMD New Comment=ENCREL2
Change Component Comment : Designator=I1 Old Comment=PH TOP SMD New Comment=I2C
Change Component Comment : Designator=L2 Old Comment=PH TOP SMD New Comment=LIM1A
Change Component Comment : Designator=L4 Old Comment=PH TOP SMD New Comment=LIM1B
Change Component Comment : Designator=L1 Old Comment=PH TOP SMD New Comment=LIM2A
Change Component Comment : Designator=L3 Old Comment=PH TOP SMD New Comment=LIM2B
Change Component Comment : Designator=L5 Old Comment=PH TOP SMD New Comment=LIM3A
Change Component Comment : Designator=L6 Old Comment=PH TOP SMD New Comment=LIM3B
Change Component Comment : Designator=M1 Old Comment=PH TOP SMD New Comment=MOTOR1
Change Component Comment : Designator=M2 Old Comment=PH TOP SMD New Comment=MOTOR2
Change Component Comment : Designator=M3 Old Comment=PH TOP SMD New Comment=MOTOR3
Change Component Comment : Designator=PWR1 Old Comment=PH TOP SMD New Comment=PWR1
Change Component Comment : Designator=PWR2 Old Comment=PH TOP SMD New Comment=PWR2
Change Component Comment : Designator=TP1 Old Comment=TESTPOINT_SMD New Comment=TESTPOINT1_SMD
Change Component Comment : Designator=TP2 Old Comment=TESTPOINT_SMD New Comment=TESTPOINT2_SMD
