Replace Part CAN1 CON_3M_PH_SIDE_SMT in C:\Users\Luana\Documents\GitHub\MarsRover2019-PCB\Projects\Arm board\Arm Board 2019\Connectors.SchDoc with CON_3M_PH_SIDE_SMT from UWRT_Schematic_Library_2019.SchLib
Replace Part CAN2 CON_3M_PH_SIDE_SMT in C:\Users\Luana\Documents\GitHub\MarsRover2019-PCB\Projects\Arm board\Arm Board 2019\Connectors.SchDoc with CON_3M_PH_SIDE_SMT from UWRT_Schematic_Library_2019.SchLib
Replace Part E1 CON_3M_PH_SIDE_SMT in C:\Users\Luana\Documents\GitHub\MarsRover2019-PCB\Projects\Arm board\Arm Board 2019\Connectors.SchDoc with CON_3M_PH_SIDE_SMT from UWRT_Schematic_Library_2019.SchLib
Replace Part E2 CON_3M_PH_SIDE_SMT in C:\Users\Luana\Documents\GitHub\MarsRover2019-PCB\Projects\Arm board\Arm Board 2019\Connectors.SchDoc with CON_3M_PH_SIDE_SMT from UWRT_Schematic_Library_2019.SchLib
Replace Part E3 CON_3M_PH_SIDE_SMT in C:\Users\Luana\Documents\GitHub\MarsRover2019-PCB\Projects\Arm board\Arm Board 2019\Connectors.SchDoc with CON_3M_PH_SIDE_SMT from UWRT_Schematic_Library_2019.SchLib
Replace Part ER1 CON_5M_PH_SIDE_SMT in C:\Users\Luana\Documents\GitHub\MarsRover2019-PCB\Projects\Arm board\Arm Board 2019\Connectors.SchDoc with CON_5M_PH_SIDE_SMT from UWRT_Schematic_Library_2019.SchLib
Replace Part ER2 CON_5M_PH_SIDE_SMT in C:\Users\Luana\Documents\GitHub\MarsRover2019-PCB\Projects\Arm board\Arm Board 2019\Connectors.SchDoc with CON_5M_PH_SIDE_SMT from UWRT_Schematic_Library_2019.SchLib
Replace Part I1 CON_2M_PH_SIDE_SMT in C:\Users\Luana\Documents\GitHub\MarsRover2019-PCB\Projects\Arm board\Arm Board 2019\Connectors.SchDoc with CON_2M_PH_SIDE_SMT from UWRT_Schematic_Library_2019.SchLib
Replace Part L1 CON_2M_PH_SIDE_SMT in C:\Users\Luana\Documents\GitHub\MarsRover2019-PCB\Projects\Arm board\Arm Board 2019\Connectors.SchDoc with CON_2M_PH_SIDE_SMT from UWRT_Schematic_Library_2019.SchLib
Replace Part L2 CON_2M_PH_SIDE_SMT in C:\Users\Luana\Documents\GitHub\MarsRover2019-PCB\Projects\Arm board\Arm Board 2019\Connectors.SchDoc with CON_2M_PH_SIDE_SMT from UWRT_Schematic_Library_2019.SchLib
Replace Part L3 CON_2M_PH_SIDE_SMT in C:\Users\Luana\Documents\GitHub\MarsRover2019-PCB\Projects\Arm board\Arm Board 2019\Connectors.SchDoc with CON_2M_PH_SIDE_SMT from UWRT_Schematic_Library_2019.SchLib
Replace Part L4 CON_2M_PH_SIDE_SMT in C:\Users\Luana\Documents\GitHub\MarsRover2019-PCB\Projects\Arm board\Arm Board 2019\Connectors.SchDoc with CON_2M_PH_SIDE_SMT from UWRT_Schematic_Library_2019.SchLib
Replace Part L5 CON_2M_PH_SIDE_SMT in C:\Users\Luana\Documents\GitHub\MarsRover2019-PCB\Projects\Arm board\Arm Board 2019\Connectors.SchDoc with CON_2M_PH_SIDE_SMT from UWRT_Schematic_Library_2019.SchLib
Replace Part L6 CON_2M_PH_SIDE_SMT in C:\Users\Luana\Documents\GitHub\MarsRover2019-PCB\Projects\Arm board\Arm Board 2019\Connectors.SchDoc with CON_2M_PH_SIDE_SMT from UWRT_Schematic_Library_2019.SchLib
Replace Part M1 CON_3M_PH_SIDE_SMT in C:\Users\Luana\Documents\GitHub\MarsRover2019-PCB\Projects\Arm board\Arm Board 2019\Connectors.SchDoc with CON_3M_PH_SIDE_SMT from UWRT_Schematic_Library_2019.SchLib
Replace Part M2 CON_3M_PH_SIDE_SMT in C:\Users\Luana\Documents\GitHub\MarsRover2019-PCB\Projects\Arm board\Arm Board 2019\Connectors.SchDoc with CON_3M_PH_SIDE_SMT from UWRT_Schematic_Library_2019.SchLib
Replace Part M3 CON_3M_PH_SIDE_SMT in C:\Users\Luana\Documents\GitHub\MarsRover2019-PCB\Projects\Arm board\Arm Board 2019\Connectors.SchDoc with CON_3M_PH_SIDE_SMT from UWRT_Schematic_Library_2019.SchLib
Replace Part PWR1 CON_2M_PH_SIDE_SMT in C:\Users\Luana\Documents\GitHub\MarsRover2019-PCB\Projects\Arm board\Arm Board 2019\Connectors.SchDoc with CON_2M_PH_SIDE_SMT from UWRT_Schematic_Library_2019.SchLib
Replace Part PWR2 CON_2M_PH_SIDE_SMT in C:\Users\Luana\Documents\GitHub\MarsRover2019-PCB\Projects\Arm board\Arm Board 2019\Connectors.SchDoc with CON_2M_PH_SIDE_SMT from UWRT_Schematic_Library_2019.SchLib
Replace Part UART_SWD1 HEADER 4X2 in C:\Users\Luana\Documents\GitHub\MarsRover2019-PCB\Projects\Arm board\Arm Board 2019\Connectors.SchDoc with HEADER 4X2 from UWRT_Schematic_Library_2019.SchLib
