Replace Part D3 DIO_LED_Y in C:\Users\14169\Documents\GitHub\MarsRover2019-PCB\Projects\Arm board\Arm Board 2019\Support.SchDoc with DIO_LED_Y from UWRT_Schematic_Library_2019.SchLib
Replace Part D4 DIO_LED_G in C:\Users\14169\Documents\GitHub\MarsRover2019-PCB\Projects\Arm board\Arm Board 2019\Support.SchDoc with DIO_LED_G from UWRT_Schematic_Library_2019.SchLib
Replace Part D5 DIO_LED_G in C:\Users\14169\Documents\GitHub\MarsRover2019-PCB\Projects\Arm board\Arm Board 2019\Support.SchDoc with DIO_LED_G from UWRT_Schematic_Library_2019.SchLib
Replace Part D6 DIO_LED_G in C:\Users\14169\Documents\GitHub\MarsRover2019-PCB\Projects\Arm board\Arm Board 2019\Support.SchDoc with DIO_LED_G from UWRT_Schematic_Library_2019.SchLib
Replace Part R5 RES_4K7_0603 in C:\Users\14169\Documents\GitHub\MarsRover2019-PCB\Projects\Arm board\Arm Board 2019\Support.SchDoc with RES_4K7_0603 from UWRT_Schematic_Library_2019.SchLib
Replace Part R6 RES_4K7_0603 in C:\Users\14169\Documents\GitHub\MarsRover2019-PCB\Projects\Arm board\Arm Board 2019\Support.SchDoc with RES_4K7_0603 from UWRT_Schematic_Library_2019.SchLib
Replace Part R7 RES_10K_0603 in C:\Users\14169\Documents\GitHub\MarsRover2019-PCB\Projects\Arm board\Arm Board 2019\Support.SchDoc with RES_10K_0603 from UWRT_Schematic_Library_2019.SchLib
Replace Part R8 RES_10K_0603 in C:\Users\14169\Documents\GitHub\MarsRover2019-PCB\Projects\Arm board\Arm Board 2019\Support.SchDoc with RES_10K_0603 from UWRT_Schematic_Library_2019.SchLib
Replace Part R9 RES_10K_0603 in C:\Users\14169\Documents\GitHub\MarsRover2019-PCB\Projects\Arm board\Arm Board 2019\Support.SchDoc with RES_10K_0603 from UWRT_Schematic_Library_2019.SchLib
Replace Part R10 RES_10K_0603 in C:\Users\14169\Documents\GitHub\MarsRover2019-PCB\Projects\Arm board\Arm Board 2019\Support.SchDoc with RES_10K_0603 from UWRT_Schematic_Library_2019.SchLib
Replace Part R12 RES_10K_0603 in C:\Users\14169\Documents\GitHub\MarsRover2019-PCB\Projects\Arm board\Arm Board 2019\Support.SchDoc with RES_10K_0603 from UWRT_Schematic_Library_2019.SchLib
Replace Part R13 RES_10K_0603 in C:\Users\14169\Documents\GitHub\MarsRover2019-PCB\Projects\Arm board\Arm Board 2019\Support.SchDoc with RES_10K_0603 from UWRT_Schematic_Library_2019.SchLib
Replace Part R14 RES_10K_0603 in C:\Users\14169\Documents\GitHub\MarsRover2019-PCB\Projects\Arm board\Arm Board 2019\Support.SchDoc with RES_10K_0603 from UWRT_Schematic_Library_2019.SchLib
Replace Part R15 RES_10K_0603 in C:\Users\14169\Documents\GitHub\MarsRover2019-PCB\Projects\Arm board\Arm Board 2019\Support.SchDoc with RES_10K_0603 from UWRT_Schematic_Library_2019.SchLib
Replace Part R16 RES_10K_0603 in C:\Users\14169\Documents\GitHub\MarsRover2019-PCB\Projects\Arm board\Arm Board 2019\Support.SchDoc with RES_10K_0603 from UWRT_Schematic_Library_2019.SchLib
Replace Part R19 RES_100R_0603 in C:\Users\14169\Documents\GitHub\MarsRover2019-PCB\Projects\Arm board\Arm Board 2019\Support.SchDoc with RES_100R_0603 from UWRT_Schematic_Library_2019.SchLib
Replace Part R20 RES_10K_0603 in C:\Users\14169\Documents\GitHub\MarsRover2019-PCB\Projects\Arm board\Arm Board 2019\Support.SchDoc with RES_10K_0603 from UWRT_Schematic_Library_2019.SchLib
Replace Part R21 RES_100R_0603 in C:\Users\14169\Documents\GitHub\MarsRover2019-PCB\Projects\Arm board\Arm Board 2019\Support.SchDoc with RES_100R_0603 from UWRT_Schematic_Library_2019.SchLib
Replace Part R22 RES_10K_0603 in C:\Users\14169\Documents\GitHub\MarsRover2019-PCB\Projects\Arm board\Arm Board 2019\Support.SchDoc with RES_10K_0603 from UWRT_Schematic_Library_2019.SchLib
Replace Part R23 RES_100R_0603 in C:\Users\14169\Documents\GitHub\MarsRover2019-PCB\Projects\Arm board\Arm Board 2019\Support.SchDoc with RES_100R_0603 from UWRT_Schematic_Library_2019.SchLib
Replace Part R24 RES_100R_0603 in C:\Users\14169\Documents\GitHub\MarsRover2019-PCB\Projects\Arm board\Arm Board 2019\Support.SchDoc with RES_100R_0603 from UWRT_Schematic_Library_2019.SchLib
Replace Part S2 SW_TACTILE in C:\Users\14169\Documents\GitHub\MarsRover2019-PCB\Projects\Arm board\Arm Board 2019\Support.SchDoc with SW_TACTILE from UWRT_Schematic_Library_2019.SchLib
Replace Part S3 SW_TACTILE in C:\Users\14169\Documents\GitHub\MarsRover2019-PCB\Projects\Arm board\Arm Board 2019\Support.SchDoc with SW_TACTILE from UWRT_Schematic_Library_2019.SchLib
